17:50:08,996  INFO DispatcherServlet:479 - FrameworkServlet 'dispatcher': initialization started
17:50:09,021  INFO XmlWebApplicationContext:513 - Refreshing WebApplicationContext for namespace 'dispatcher-servlet': startup date [Tue Apr 15 17:50:09 CEST 2014]; root of context hierarchy
17:50:09,059  INFO XmlBeanDefinitionReader:316 - Loading XML bean definitions from ServletContext resource [/WEB-INF/dispatcher-servlet.xml]
17:50:09,377  INFO AutowiredAnnotationBeanPostProcessor:141 - JSR-330 'javax.inject.Inject' annotation found and supported for autowiring
17:50:09,480  INFO DriverManagerDataSource:133 - Loaded JDBC driver: com.mysql.jdbc.Driver
17:50:09,596  INFO Version:66 - HCANN000001: Hibernate Commons Annotations {4.0.4.Final}
17:50:09,603  INFO Version:54 - HHH000412: Hibernate Core {4.3.4.Final}
17:50:09,606  INFO Environment:239 - HHH000206: hibernate.properties not found
17:50:09,607  INFO Environment:346 - HHH000021: Bytecode provider name : javassist
17:50:09,899  INFO Dialect:145 - HHH000400: Using dialect: org.hibernate.dialect.MySQLDialect
17:50:09,907  INFO LobCreatorBuilder:97 - HHH000423: Disabling contextual LOB creation as JDBC driver reported JDBC version [3] less than 4
17:50:10,023  INFO TransactionFactoryInitiator:62 - HHH000399: Using default transaction strategy (direct JDBC transactions)
17:50:10,028  INFO ASTQueryTranslatorFactory:47 - HHH000397: Using ASTQueryTranslatorFactory
17:50:10,074  INFO Version:27 - HV000001: Hibernate Validator 5.1.0.Final
17:50:10,637  INFO HibernateTransactionManager:339 - Using DataSource [org.springframework.jdbc.datasource.DriverManagerDataSource@6607ad6b] of Hibernate SessionFactory for HibernateTransactionManager
17:50:10,691  INFO DefaultAnnotationHandlerMapping:315 - Mapped URL path [/login/new] onto handler 'loginController'
17:50:10,737  INFO DefaultAnnotationHandlerMapping:315 - Mapped URL path [/login/new.*] onto handler 'loginController'
17:50:10,738  INFO DefaultAnnotationHandlerMapping:315 - Mapped URL path [/login/new/] onto handler 'loginController'
17:50:10,739  INFO DefaultAnnotationHandlerMapping:315 - Mapped URL path [/login/add] onto handler 'loginController'
17:50:10,739  INFO DefaultAnnotationHandlerMapping:315 - Mapped URL path [/login/add.*] onto handler 'loginController'
17:50:10,740  INFO DefaultAnnotationHandlerMapping:315 - Mapped URL path [/login/add/] onto handler 'loginController'
17:50:10,740  INFO DefaultAnnotationHandlerMapping:315 - Mapped URL path [/logout] onto handler 'logoutController'
17:50:10,741  INFO DefaultAnnotationHandlerMapping:315 - Mapped URL path [/logout.*] onto handler 'logoutController'
17:50:10,741  INFO DefaultAnnotationHandlerMapping:315 - Mapped URL path [/logout/] onto handler 'logoutController'
17:50:10,742  INFO DefaultAnnotationHandlerMapping:315 - Mapped URL path [/empresa/list] onto handler 'empresaController'
17:50:10,743  INFO DefaultAnnotationHandlerMapping:315 - Mapped URL path [/empresa/list.*] onto handler 'empresaController'
17:50:10,743  INFO DefaultAnnotationHandlerMapping:315 - Mapped URL path [/empresa/list/] onto handler 'empresaController'
17:50:10,944  INFO DispatcherServlet:498 - FrameworkServlet 'dispatcher': initialization completed in 1944 ms
17:50:22,195  WARN HqlSqlWalker:995 - [DEPRECATION] Encountered positional parameter near line 1, column 69.  Positional parameter are considered deprecated; use named parameters or JPA-style positional parameters instead.
17:50:22,265  WARN SqlExceptionHelper:144 - SQL Error: 0, SQLState: S1009
17:50:22,266 ERROR SqlExceptionHelper:146 - Invalid value for getInt() - 'a'
17:50:49,310  INFO XmlWebApplicationContext:873 - Closing WebApplicationContext for namespace 'dispatcher-servlet': startup date [Tue Apr 15 17:50:09 CEST 2014]; root of context hierarchy
18:03:18,216  INFO DispatcherServlet:479 - FrameworkServlet 'dispatcher': initialization started
18:03:18,240  INFO XmlWebApplicationContext:513 - Refreshing WebApplicationContext for namespace 'dispatcher-servlet': startup date [Tue Apr 15 18:03:18 CEST 2014]; root of context hierarchy
18:03:18,280  INFO XmlBeanDefinitionReader:316 - Loading XML bean definitions from ServletContext resource [/WEB-INF/dispatcher-servlet.xml]
18:03:18,599  INFO AutowiredAnnotationBeanPostProcessor:141 - JSR-330 'javax.inject.Inject' annotation found and supported for autowiring
18:03:18,690  INFO DriverManagerDataSource:133 - Loaded JDBC driver: com.mysql.jdbc.Driver
18:03:18,808  INFO Version:66 - HCANN000001: Hibernate Commons Annotations {4.0.4.Final}
18:03:18,814  INFO Version:54 - HHH000412: Hibernate Core {4.3.4.Final}
18:03:18,817  INFO Environment:239 - HHH000206: hibernate.properties not found
18:03:18,819  INFO Environment:346 - HHH000021: Bytecode provider name : javassist
18:03:19,084  INFO Dialect:145 - HHH000400: Using dialect: org.hibernate.dialect.MySQLDialect
18:03:19,092  INFO LobCreatorBuilder:97 - HHH000423: Disabling contextual LOB creation as JDBC driver reported JDBC version [3] less than 4
18:03:19,216  INFO TransactionFactoryInitiator:62 - HHH000399: Using default transaction strategy (direct JDBC transactions)
18:03:19,220  INFO ASTQueryTranslatorFactory:47 - HHH000397: Using ASTQueryTranslatorFactory
18:03:19,265  INFO Version:27 - HV000001: Hibernate Validator 5.1.0.Final
18:03:19,875  INFO HibernateTransactionManager:339 - Using DataSource [org.springframework.jdbc.datasource.DriverManagerDataSource@3b1e452] of Hibernate SessionFactory for HibernateTransactionManager
18:03:19,986  INFO DefaultAnnotationHandlerMapping:315 - Mapped URL path [/login/new] onto handler 'loginController'
18:03:19,989  INFO DefaultAnnotationHandlerMapping:315 - Mapped URL path [/login/new.*] onto handler 'loginController'
18:03:19,989  INFO DefaultAnnotationHandlerMapping:315 - Mapped URL path [/login/new/] onto handler 'loginController'
18:03:19,990  INFO DefaultAnnotationHandlerMapping:315 - Mapped URL path [/login/add] onto handler 'loginController'
18:03:19,990  INFO DefaultAnnotationHandlerMapping:315 - Mapped URL path [/login/add.*] onto handler 'loginController'
18:03:19,991  INFO DefaultAnnotationHandlerMapping:315 - Mapped URL path [/login/add/] onto handler 'loginController'
18:03:19,992  INFO DefaultAnnotationHandlerMapping:315 - Mapped URL path [/logout] onto handler 'logoutController'
18:03:19,992  INFO DefaultAnnotationHandlerMapping:315 - Mapped URL path [/logout.*] onto handler 'logoutController'
18:03:19,993  INFO DefaultAnnotationHandlerMapping:315 - Mapped URL path [/logout/] onto handler 'logoutController'
18:03:19,995  INFO DefaultAnnotationHandlerMapping:315 - Mapped URL path [/empresa/list] onto handler 'empresaController'
18:03:19,995  INFO DefaultAnnotationHandlerMapping:315 - Mapped URL path [/empresa/list.*] onto handler 'empresaController'
18:03:19,995  INFO DefaultAnnotationHandlerMapping:315 - Mapped URL path [/empresa/list/] onto handler 'empresaController'
18:03:20,209  INFO DispatcherServlet:498 - FrameworkServlet 'dispatcher': initialization completed in 1990 ms
18:04:21,348  INFO XmlWebApplicationContext:873 - Closing WebApplicationContext for namespace 'dispatcher-servlet': startup date [Tue Apr 15 18:03:18 CEST 2014]; root of context hierarchy
18:04:23,633  INFO DispatcherServlet:479 - FrameworkServlet 'dispatcher': initialization started
18:04:23,650  INFO XmlWebApplicationContext:513 - Refreshing WebApplicationContext for namespace 'dispatcher-servlet': startup date [Tue Apr 15 18:04:23 CEST 2014]; root of context hierarchy
18:04:23,679  INFO XmlBeanDefinitionReader:316 - Loading XML bean definitions from ServletContext resource [/WEB-INF/dispatcher-servlet.xml]
18:04:23,852  INFO AutowiredAnnotationBeanPostProcessor:141 - JSR-330 'javax.inject.Inject' annotation found and supported for autowiring
18:04:23,928  INFO DriverManagerDataSource:133 - Loaded JDBC driver: com.mysql.jdbc.Driver
18:04:24,094  INFO Version:66 - HCANN000001: Hibernate Commons Annotations {4.0.4.Final}
18:04:24,101  INFO Version:54 - HHH000412: Hibernate Core {4.3.4.Final}
18:04:24,104  INFO Environment:239 - HHH000206: hibernate.properties not found
18:04:24,106  INFO Environment:346 - HHH000021: Bytecode provider name : javassist
18:04:24,359  INFO Dialect:145 - HHH000400: Using dialect: org.hibernate.dialect.MySQLDialect
18:04:24,366  INFO LobCreatorBuilder:97 - HHH000423: Disabling contextual LOB creation as JDBC driver reported JDBC version [3] less than 4
18:04:24,489  INFO TransactionFactoryInitiator:62 - HHH000399: Using default transaction strategy (direct JDBC transactions)
18:04:24,492  INFO ASTQueryTranslatorFactory:47 - HHH000397: Using ASTQueryTranslatorFactory
18:04:24,540  INFO Version:27 - HV000001: Hibernate Validator 5.1.0.Final
18:04:24,983  INFO HibernateTransactionManager:339 - Using DataSource [org.springframework.jdbc.datasource.DriverManagerDataSource@31696cdc] of Hibernate SessionFactory for HibernateTransactionManager
18:04:25,046  INFO DefaultAnnotationHandlerMapping:315 - Mapped URL path [/login/new] onto handler 'loginController'
18:04:25,046  INFO DefaultAnnotationHandlerMapping:315 - Mapped URL path [/login/new.*] onto handler 'loginController'
18:04:25,047  INFO DefaultAnnotationHandlerMapping:315 - Mapped URL path [/login/new/] onto handler 'loginController'
18:04:25,047  INFO DefaultAnnotationHandlerMapping:315 - Mapped URL path [/login/add] onto handler 'loginController'
18:04:25,047  INFO DefaultAnnotationHandlerMapping:315 - Mapped URL path [/login/add.*] onto handler 'loginController'
18:04:25,048  INFO DefaultAnnotationHandlerMapping:315 - Mapped URL path [/login/add/] onto handler 'loginController'
18:04:25,048  INFO DefaultAnnotationHandlerMapping:315 - Mapped URL path [/logout] onto handler 'logoutController'
18:04:25,048  INFO DefaultAnnotationHandlerMapping:315 - Mapped URL path [/logout.*] onto handler 'logoutController'
18:04:25,049  INFO DefaultAnnotationHandlerMapping:315 - Mapped URL path [/logout/] onto handler 'logoutController'
18:04:25,050  INFO DefaultAnnotationHandlerMapping:315 - Mapped URL path [/empresa/list] onto handler 'empresaController'
18:04:25,051  INFO DefaultAnnotationHandlerMapping:315 - Mapped URL path [/empresa/list.*] onto handler 'empresaController'
18:04:25,051  INFO DefaultAnnotationHandlerMapping:315 - Mapped URL path [/empresa/list/] onto handler 'empresaController'
18:04:25,195  INFO DispatcherServlet:498 - FrameworkServlet 'dispatcher': initialization completed in 1560 ms
18:04:29,154  WARN HqlSqlWalker:995 - [DEPRECATION] Encountered positional parameter near line 1, column 65.  Positional parameter are considered deprecated; use named parameters or JPA-style positional parameters instead.
18:04:29,197  INFO UsuarioService:25 - Intento de logueo con usuario incorrecto.
18:04:29,197  INFO UsuarioService:26 - Usuario: 
18:04:51,208  INFO UsuarioService:25 - Intento de logueo con usuario incorrecto.
18:04:51,208  INFO UsuarioService:26 - Usuario: administrador
18:09:34,449  INFO XmlWebApplicationContext:873 - Closing WebApplicationContext for namespace 'dispatcher-servlet': startup date [Tue Apr 15 18:04:23 CEST 2014]; root of context hierarchy
18:09:35,636  INFO DispatcherServlet:479 - FrameworkServlet 'dispatcher': initialization started
18:09:35,651  INFO XmlWebApplicationContext:513 - Refreshing WebApplicationContext for namespace 'dispatcher-servlet': startup date [Tue Apr 15 18:09:35 CEST 2014]; root of context hierarchy
18:09:35,675  INFO XmlBeanDefinitionReader:316 - Loading XML bean definitions from ServletContext resource [/WEB-INF/dispatcher-servlet.xml]
18:09:35,861  INFO AutowiredAnnotationBeanPostProcessor:141 - JSR-330 'javax.inject.Inject' annotation found and supported for autowiring
18:09:35,938  INFO DriverManagerDataSource:133 - Loaded JDBC driver: com.mysql.jdbc.Driver
18:09:36,041  INFO Version:66 - HCANN000001: Hibernate Commons Annotations {4.0.4.Final}
18:09:36,048  INFO Version:54 - HHH000412: Hibernate Core {4.3.4.Final}
18:09:36,051  INFO Environment:239 - HHH000206: hibernate.properties not found
18:09:36,052  INFO Environment:346 - HHH000021: Bytecode provider name : javassist
18:09:36,336  INFO Dialect:145 - HHH000400: Using dialect: org.hibernate.dialect.MySQLDialect
18:09:36,344  INFO LobCreatorBuilder:97 - HHH000423: Disabling contextual LOB creation as JDBC driver reported JDBC version [3] less than 4
18:09:36,460  INFO TransactionFactoryInitiator:62 - HHH000399: Using default transaction strategy (direct JDBC transactions)
18:09:36,463  INFO ASTQueryTranslatorFactory:47 - HHH000397: Using ASTQueryTranslatorFactory
18:09:36,503  INFO Version:27 - HV000001: Hibernate Validator 5.1.0.Final
18:09:36,982  INFO HibernateTransactionManager:339 - Using DataSource [org.springframework.jdbc.datasource.DriverManagerDataSource@3503c2f4] of Hibernate SessionFactory for HibernateTransactionManager
18:09:37,053  INFO DefaultAnnotationHandlerMapping:315 - Mapped URL path [/login/new] onto handler 'loginController'
18:09:37,055  INFO DefaultAnnotationHandlerMapping:315 - Mapped URL path [/login/new.*] onto handler 'loginController'
18:09:37,055  INFO DefaultAnnotationHandlerMapping:315 - Mapped URL path [/login/new/] onto handler 'loginController'
18:09:37,056  INFO DefaultAnnotationHandlerMapping:315 - Mapped URL path [/login/add] onto handler 'loginController'
18:09:37,056  INFO DefaultAnnotationHandlerMapping:315 - Mapped URL path [/login/add.*] onto handler 'loginController'
18:09:37,056  INFO DefaultAnnotationHandlerMapping:315 - Mapped URL path [/login/add/] onto handler 'loginController'
18:09:37,057  INFO DefaultAnnotationHandlerMapping:315 - Mapped URL path [/logout] onto handler 'logoutController'
18:09:37,057  INFO DefaultAnnotationHandlerMapping:315 - Mapped URL path [/logout.*] onto handler 'logoutController'
18:09:37,057  INFO DefaultAnnotationHandlerMapping:315 - Mapped URL path [/logout/] onto handler 'logoutController'
18:09:37,059  INFO DefaultAnnotationHandlerMapping:315 - Mapped URL path [/empresa/list] onto handler 'empresaController'
18:09:37,059  INFO DefaultAnnotationHandlerMapping:315 - Mapped URL path [/empresa/list.*] onto handler 'empresaController'
18:09:37,059  INFO DefaultAnnotationHandlerMapping:315 - Mapped URL path [/empresa/list/] onto handler 'empresaController'
18:09:37,220  INFO DispatcherServlet:498 - FrameworkServlet 'dispatcher': initialization completed in 1582 ms
18:10:24,946  INFO XmlWebApplicationContext:873 - Closing WebApplicationContext for namespace 'dispatcher-servlet': startup date [Tue Apr 15 18:09:35 CEST 2014]; root of context hierarchy
18:10:26,037  INFO DispatcherServlet:479 - FrameworkServlet 'dispatcher': initialization started
18:10:26,051  INFO XmlWebApplicationContext:513 - Refreshing WebApplicationContext for namespace 'dispatcher-servlet': startup date [Tue Apr 15 18:10:26 CEST 2014]; root of context hierarchy
18:10:26,075  INFO XmlBeanDefinitionReader:316 - Loading XML bean definitions from ServletContext resource [/WEB-INF/dispatcher-servlet.xml]
18:10:26,227  INFO AutowiredAnnotationBeanPostProcessor:141 - JSR-330 'javax.inject.Inject' annotation found and supported for autowiring
18:10:26,317  INFO DriverManagerDataSource:133 - Loaded JDBC driver: com.mysql.jdbc.Driver
18:10:27,836 ERROR DispatcherServlet:492 - Context initialization failed
org.springframework.beans.factory.BeanCreationException: Error creating bean with name 'usuarioService': Injection of autowired dependencies failed; nested exception is org.springframework.beans.factory.BeanCreationException: Could not autowire field: innova4b.empresaReparto.empleado.repository.EmpleadoDao innova4b.empresaReparto.login.service.UsuarioService.empleadoDao; nested exception is org.springframework.beans.factory.BeanCreationException: Error creating bean with name 'empleadoDao': Injection of autowired dependencies failed; nested exception is org.springframework.beans.factory.BeanCreationException: Could not autowire field: private org.hibernate.SessionFactory innova4b.empresaReparto.empleado.repository.EmpleadoDao.sessionFactory; nested exception is org.springframework.beans.factory.BeanCreationException: Error creating bean with name 'mySessionFactory' defined in ServletContext resource [/WEB-INF/dispatcher-servlet.xml]: Invocation of init method failed; nested exception is java.lang.OutOfMemoryError: PermGen space
	at org.springframework.beans.factory.annotation.AutowiredAnnotationBeanPostProcessor.postProcessPropertyValues(AutowiredAnnotationBeanPostProcessor.java:292)
	at org.springframework.beans.factory.support.AbstractAutowireCapableBeanFactory.populateBean(AbstractAutowireCapableBeanFactory.java:1185)
	at org.springframework.beans.factory.support.AbstractAutowireCapableBeanFactory.doCreateBean(AbstractAutowireCapableBeanFactory.java:537)
	at org.springframework.beans.factory.support.AbstractAutowireCapableBeanFactory.createBean(AbstractAutowireCapableBeanFactory.java:475)
	at org.springframework.beans.factory.support.AbstractBeanFactory$1.getObject(AbstractBeanFactory.java:304)
	at org.springframework.beans.factory.support.DefaultSingletonBeanRegistry.getSingleton(DefaultSingletonBeanRegistry.java:228)
	at org.springframework.beans.factory.support.AbstractBeanFactory.doGetBean(AbstractBeanFactory.java:300)
	at org.springframework.beans.factory.support.AbstractBeanFactory.getBean(AbstractBeanFactory.java:195)
	at org.springframework.beans.factory.support.DefaultListableBeanFactory.preInstantiateSingletons(DefaultListableBeanFactory.java:700)
	at org.springframework.context.support.AbstractApplicationContext.finishBeanFactoryInitialization(AbstractApplicationContext.java:760)
	at org.springframework.context.support.AbstractApplicationContext.refresh(AbstractApplicationContext.java:482)
	at org.springframework.web.servlet.FrameworkServlet.configureAndRefreshWebApplicationContext(FrameworkServlet.java:658)
	at org.springframework.web.servlet.FrameworkServlet.createWebApplicationContext(FrameworkServlet.java:624)
	at org.springframework.web.servlet.FrameworkServlet.createWebApplicationContext(FrameworkServlet.java:672)
	at org.springframework.web.servlet.FrameworkServlet.initWebApplicationContext(FrameworkServlet.java:543)
	at org.springframework.web.servlet.FrameworkServlet.initServletBean(FrameworkServlet.java:484)
	at org.springframework.web.servlet.HttpServletBean.init(HttpServletBean.java:136)
	at javax.servlet.GenericServlet.init(GenericServlet.java:244)
	at org.eclipse.jetty.servlet.ServletHolder.initServlet(ServletHolder.java:555)
	at org.eclipse.jetty.servlet.ServletHolder.initialize(ServletHolder.java:345)
	at org.eclipse.jetty.servlet.ServletHandler.initialize(ServletHandler.java:840)
	at org.eclipse.jetty.servlet.ServletContextHandler.startContext(ServletContextHandler.java:300)
	at org.eclipse.jetty.webapp.WebAppContext.startContext(WebAppContext.java:1347)
	at org.eclipse.jetty.server.handler.ContextHandler.doStart(ContextHandler.java:745)
	at org.eclipse.jetty.webapp.WebAppContext.doStart(WebAppContext.java:492)
	at org.eclipse.jetty.maven.plugin.JettyWebAppContext.doStart(JettyWebAppContext.java:282)
	at org.eclipse.jetty.util.component.AbstractLifeCycle.start(AbstractLifeCycle.java:68)
	at org.eclipse.jetty.maven.plugin.JettyRunMojo.restartWebApp(JettyRunMojo.java:532)
	at org.eclipse.jetty.maven.plugin.JettyRunMojo$1.filesChanged(JettyRunMojo.java:485)
	at org.eclipse.jetty.util.Scanner.reportBulkChanges(Scanner.java:681)
	at org.eclipse.jetty.util.Scanner.reportDifferences(Scanner.java:539)
	at org.eclipse.jetty.util.Scanner.scan(Scanner.java:391)
	at org.eclipse.jetty.util.Scanner$1.run(Scanner.java:329)
	at java.util.TimerThread.mainLoop(Timer.java:555)
	at java.util.TimerThread.run(Timer.java:505)
Caused by: org.springframework.beans.factory.BeanCreationException: Could not autowire field: innova4b.empresaReparto.empleado.repository.EmpleadoDao innova4b.empresaReparto.login.service.UsuarioService.empleadoDao; nested exception is org.springframework.beans.factory.BeanCreationException: Error creating bean with name 'empleadoDao': Injection of autowired dependencies failed; nested exception is org.springframework.beans.factory.BeanCreationException: Could not autowire field: private org.hibernate.SessionFactory innova4b.empresaReparto.empleado.repository.EmpleadoDao.sessionFactory; nested exception is org.springframework.beans.factory.BeanCreationException: Error creating bean with name 'mySessionFactory' defined in ServletContext resource [/WEB-INF/dispatcher-servlet.xml]: Invocation of init method failed; nested exception is java.lang.OutOfMemoryError: PermGen space
	at org.springframework.beans.factory.annotation.AutowiredAnnotationBeanPostProcessor$AutowiredFieldElement.inject(AutowiredAnnotationBeanPostProcessor.java:508)
	at org.springframework.beans.factory.annotation.InjectionMetadata.inject(InjectionMetadata.java:87)
	at org.springframework.beans.factory.annotation.AutowiredAnnotationBeanPostProcessor.postProcessPropertyValues(AutowiredAnnotationBeanPostProcessor.java:289)
	... 34 more
Caused by: org.springframework.beans.factory.BeanCreationException: Error creating bean with name 'empleadoDao': Injection of autowired dependencies failed; nested exception is org.springframework.beans.factory.BeanCreationException: Could not autowire field: private org.hibernate.SessionFactory innova4b.empresaReparto.empleado.repository.EmpleadoDao.sessionFactory; nested exception is org.springframework.beans.factory.BeanCreationException: Error creating bean with name 'mySessionFactory' defined in ServletContext resource [/WEB-INF/dispatcher-servlet.xml]: Invocation of init method failed; nested exception is java.lang.OutOfMemoryError: PermGen space
	at org.springframework.beans.factory.annotation.AutowiredAnnotationBeanPostProcessor.postProcessPropertyValues(AutowiredAnnotationBeanPostProcessor.java:292)
	at org.springframework.beans.factory.support.AbstractAutowireCapableBeanFactory.populateBean(AbstractAutowireCapableBeanFactory.java:1185)
	at org.springframework.beans.factory.support.AbstractAutowireCapableBeanFactory.doCreateBean(AbstractAutowireCapableBeanFactory.java:537)
	at org.springframework.beans.factory.support.AbstractAutowireCapableBeanFactory.createBean(AbstractAutowireCapableBeanFactory.java:475)
	at org.springframework.beans.factory.support.AbstractBeanFactory$1.getObject(AbstractBeanFactory.java:304)
	at org.springframework.beans.factory.support.DefaultSingletonBeanRegistry.getSingleton(DefaultSingletonBeanRegistry.java:228)
	at org.springframework.beans.factory.support.AbstractBeanFactory.doGetBean(AbstractBeanFactory.java:300)
	at org.springframework.beans.factory.support.AbstractBeanFactory.getBean(AbstractBeanFactory.java:195)
	at org.springframework.beans.factory.support.DefaultListableBeanFactory.findAutowireCandidates(DefaultListableBeanFactory.java:1014)
	at org.springframework.beans.factory.support.DefaultListableBeanFactory.doResolveDependency(DefaultListableBeanFactory.java:957)
	at org.springframework.beans.factory.support.DefaultListableBeanFactory.resolveDependency(DefaultListableBeanFactory.java:855)
	at org.springframework.beans.factory.annotation.AutowiredAnnotationBeanPostProcessor$AutowiredFieldElement.inject(AutowiredAnnotationBeanPostProcessor.java:480)
	... 36 more
Caused by: org.springframework.beans.factory.BeanCreationException: Could not autowire field: private org.hibernate.SessionFactory innova4b.empresaReparto.empleado.repository.EmpleadoDao.sessionFactory; nested exception is org.springframework.beans.factory.BeanCreationException: Error creating bean with name 'mySessionFactory' defined in ServletContext resource [/WEB-INF/dispatcher-servlet.xml]: Invocation of init method failed; nested exception is java.lang.OutOfMemoryError: PermGen space
	at org.springframework.beans.factory.annotation.AutowiredAnnotationBeanPostProcessor$AutowiredFieldElement.inject(AutowiredAnnotationBeanPostProcessor.java:508)
	at org.springframework.beans.factory.annotation.InjectionMetadata.inject(InjectionMetadata.java:87)
	at org.springframework.beans.factory.annotation.AutowiredAnnotationBeanPostProcessor.postProcessPropertyValues(AutowiredAnnotationBeanPostProcessor.java:289)
	... 47 more
Caused by: org.springframework.beans.factory.BeanCreationException: Error creating bean with name 'mySessionFactory' defined in ServletContext resource [/WEB-INF/dispatcher-servlet.xml]: Invocation of init method failed; nested exception is java.lang.OutOfMemoryError: PermGen space
	at org.springframework.beans.factory.support.AbstractAutowireCapableBeanFactory.initializeBean(AbstractAutowireCapableBeanFactory.java:1553)
	at org.springframework.beans.factory.support.AbstractAutowireCapableBeanFactory.doCreateBean(AbstractAutowireCapableBeanFactory.java:539)
	at org.springframework.beans.factory.support.AbstractAutowireCapableBeanFactory.createBean(AbstractAutowireCapableBeanFactory.java:475)
	at org.springframework.beans.factory.support.AbstractBeanFactory$1.getObject(AbstractBeanFactory.java:304)
	at org.springframework.beans.factory.support.DefaultSingletonBeanRegistry.getSingleton(DefaultSingletonBeanRegistry.java:228)
	at org.springframework.beans.factory.support.AbstractBeanFactory.doGetBean(AbstractBeanFactory.java:300)
	at org.springframework.beans.factory.support.AbstractBeanFactory.getBean(AbstractBeanFactory.java:195)
	at org.springframework.beans.factory.support.DefaultListableBeanFactory.findAutowireCandidates(DefaultListableBeanFactory.java:1014)
	at org.springframework.beans.factory.support.DefaultListableBeanFactory.doResolveDependency(DefaultListableBeanFactory.java:957)
	at org.springframework.beans.factory.support.DefaultListableBeanFactory.resolveDependency(DefaultListableBeanFactory.java:855)
	at org.springframework.beans.factory.annotation.AutowiredAnnotationBeanPostProcessor$AutowiredFieldElement.inject(AutowiredAnnotationBeanPostProcessor.java:480)
	... 49 more
Caused by: java.lang.OutOfMemoryError: PermGen space
	at java.lang.ClassLoader.defineClass1(Native Method)
	at java.lang.ClassLoader.defineClass(ClassLoader.java:800)
	at java.security.SecureClassLoader.defineClass(SecureClassLoader.java:142)
	at java.net.URLClassLoader.defineClass(URLClassLoader.java:449)
	at java.net.URLClassLoader.access$100(URLClassLoader.java:71)
	at java.net.URLClassLoader$1.run(URLClassLoader.java:361)
	at java.net.URLClassLoader$1.run(URLClassLoader.java:355)
	at java.security.AccessController.doPrivileged(Native Method)
	at java.net.URLClassLoader.findClass(URLClassLoader.java:354)
	at org.eclipse.jetty.webapp.WebAppClassLoader.loadClass(WebAppClassLoader.java:427)
	at org.eclipse.jetty.webapp.WebAppClassLoader.loadClass(WebAppClassLoader.java:389)
	at java.lang.Class.forName0(Native Method)
	at java.lang.Class.forName(Class.java:270)
	at org.jboss.logging.Logger$1.run(Logger.java:2252)
	at java.security.AccessController.doPrivileged(Native Method)
	at org.jboss.logging.Logger.getMessageLogger(Logger.java:2227)
	at org.jboss.logging.Logger.getMessageLogger(Logger.java:2214)
	at org.hibernate.cfg.Configuration.<clinit>(Configuration.java:192)
	at org.springframework.orm.hibernate4.LocalSessionFactoryBean.afterPropertiesSet(LocalSessionFactoryBean.java:324)
	at org.springframework.beans.factory.support.AbstractAutowireCapableBeanFactory.invokeInitMethods(AbstractAutowireCapableBeanFactory.java:1612)
	at org.springframework.beans.factory.support.AbstractAutowireCapableBeanFactory.initializeBean(AbstractAutowireCapableBeanFactory.java:1549)
	at org.springframework.beans.factory.support.AbstractAutowireCapableBeanFactory.doCreateBean(AbstractAutowireCapableBeanFactory.java:539)
	at org.springframework.beans.factory.support.AbstractAutowireCapableBeanFactory.createBean(AbstractAutowireCapableBeanFactory.java:475)
	at org.springframework.beans.factory.support.AbstractBeanFactory$1.getObject(AbstractBeanFactory.java:304)
	at org.springframework.beans.factory.support.DefaultSingletonBeanRegistry.getSingleton(DefaultSingletonBeanRegistry.java:228)
	at org.springframework.beans.factory.support.AbstractBeanFactory.doGetBean(AbstractBeanFactory.java:300)
	at org.springframework.beans.factory.support.AbstractBeanFactory.getBean(AbstractBeanFactory.java:195)
	at org.springframework.beans.factory.support.DefaultListableBeanFactory.findAutowireCandidates(DefaultListableBeanFactory.java:1014)
	at org.springframework.beans.factory.support.DefaultListableBeanFactory.doResolveDependency(DefaultListableBeanFactory.java:957)
	at org.springframework.beans.factory.support.DefaultListableBeanFactory.resolveDependency(DefaultListableBeanFactory.java:855)
	at org.springframework.beans.factory.annotation.AutowiredAnnotationBeanPostProcessor$AutowiredFieldElement.inject(AutowiredAnnotationBeanPostProcessor.java:480)
	at org.springframework.beans.factory.annotation.InjectionMetadata.inject(InjectionMetadata.java:87)
18:12:25,794  INFO DispatcherServlet:479 - FrameworkServlet 'dispatcher': initialization started
18:12:25,818  INFO XmlWebApplicationContext:513 - Refreshing WebApplicationContext for namespace 'dispatcher-servlet': startup date [Tue Apr 15 18:12:25 CEST 2014]; root of context hierarchy
18:12:25,856  INFO XmlBeanDefinitionReader:316 - Loading XML bean definitions from ServletContext resource [/WEB-INF/dispatcher-servlet.xml]
18:12:26,159  INFO AutowiredAnnotationBeanPostProcessor:141 - JSR-330 'javax.inject.Inject' annotation found and supported for autowiring
18:12:26,285  INFO DriverManagerDataSource:133 - Loaded JDBC driver: com.mysql.jdbc.Driver
18:12:26,383  INFO Version:66 - HCANN000001: Hibernate Commons Annotations {4.0.4.Final}
18:12:26,388  INFO Version:54 - HHH000412: Hibernate Core {4.3.4.Final}
18:12:26,391  INFO Environment:239 - HHH000206: hibernate.properties not found
18:12:26,393  INFO Environment:346 - HHH000021: Bytecode provider name : javassist
18:12:26,721  INFO Dialect:145 - HHH000400: Using dialect: org.hibernate.dialect.MySQLDialect
18:12:26,730  INFO LobCreatorBuilder:97 - HHH000423: Disabling contextual LOB creation as JDBC driver reported JDBC version [3] less than 4
18:12:26,857  INFO TransactionFactoryInitiator:62 - HHH000399: Using default transaction strategy (direct JDBC transactions)
18:12:26,861  INFO ASTQueryTranslatorFactory:47 - HHH000397: Using ASTQueryTranslatorFactory
18:12:26,905  INFO Version:27 - HV000001: Hibernate Validator 5.1.0.Final
18:12:27,490  INFO HibernateTransactionManager:339 - Using DataSource [org.springframework.jdbc.datasource.DriverManagerDataSource@ea66081] of Hibernate SessionFactory for HibernateTransactionManager
18:12:27,534  INFO DefaultAnnotationHandlerMapping:315 - Mapped URL path [/login/new] onto handler 'loginController'
18:12:27,536  INFO DefaultAnnotationHandlerMapping:315 - Mapped URL path [/login/new.*] onto handler 'loginController'
18:12:27,536  INFO DefaultAnnotationHandlerMapping:315 - Mapped URL path [/login/new/] onto handler 'loginController'
18:12:27,536  INFO DefaultAnnotationHandlerMapping:315 - Mapped URL path [/login/add] onto handler 'loginController'
18:12:27,536  INFO DefaultAnnotationHandlerMapping:315 - Mapped URL path [/login/add.*] onto handler 'loginController'
18:12:27,537  INFO DefaultAnnotationHandlerMapping:315 - Mapped URL path [/login/add/] onto handler 'loginController'
18:12:27,537  INFO DefaultAnnotationHandlerMapping:315 - Mapped URL path [/logout] onto handler 'logoutController'
18:12:27,537  INFO DefaultAnnotationHandlerMapping:315 - Mapped URL path [/logout.*] onto handler 'logoutController'
18:12:27,538  INFO DefaultAnnotationHandlerMapping:315 - Mapped URL path [/logout/] onto handler 'logoutController'
18:12:27,539  INFO DefaultAnnotationHandlerMapping:315 - Mapped URL path [/empresa/list] onto handler 'empresaController'
18:12:27,539  INFO DefaultAnnotationHandlerMapping:315 - Mapped URL path [/empresa/list.*] onto handler 'empresaController'
18:12:27,539  INFO DefaultAnnotationHandlerMapping:315 - Mapped URL path [/empresa/list/] onto handler 'empresaController'
18:12:27,720  INFO DispatcherServlet:498 - FrameworkServlet 'dispatcher': initialization completed in 1922 ms
18:18:15,117  WARN HqlSqlWalker:995 - [DEPRECATION] Encountered positional parameter near line 1, column 65.  Positional parameter are considered deprecated; use named parameters or JPA-style positional parameters instead.
18:18:15,167  INFO UsuarioService:25 - Intento de logueo con usuario incorrecto.
18:18:15,168  INFO UsuarioService:26 - Usuario: 
18:21:46,598 ERROR InputTag:87 - Neither BindingResult nor plain target object for bean name 'usuario' available as request attribute
java.lang.IllegalStateException: Neither BindingResult nor plain target object for bean name 'usuario' available as request attribute
	at org.springframework.web.servlet.support.BindStatus.<init>(BindStatus.java:144)
	at org.springframework.web.servlet.tags.form.AbstractDataBoundFormElementTag.getBindStatus(AbstractDataBoundFormElementTag.java:168)
	at org.springframework.web.servlet.tags.form.AbstractDataBoundFormElementTag.getPropertyPath(AbstractDataBoundFormElementTag.java:188)
	at org.springframework.web.servlet.tags.form.AbstractDataBoundFormElementTag.getName(AbstractDataBoundFormElementTag.java:154)
	at org.springframework.web.servlet.tags.form.AbstractDataBoundFormElementTag.autogenerateId(AbstractDataBoundFormElementTag.java:141)
	at org.springframework.web.servlet.tags.form.AbstractDataBoundFormElementTag.resolveId(AbstractDataBoundFormElementTag.java:132)
	at org.springframework.web.servlet.tags.form.AbstractDataBoundFormElementTag.writeDefaultAttributes(AbstractDataBoundFormElementTag.java:116)
	at org.springframework.web.servlet.tags.form.AbstractHtmlElementTag.writeDefaultAttributes(AbstractHtmlElementTag.java:422)
	at org.springframework.web.servlet.tags.form.InputTag.writeTagContent(InputTag.java:142)
	at org.springframework.web.servlet.tags.form.AbstractFormTag.doStartTagInternal(AbstractFormTag.java:84)
	at org.springframework.web.servlet.tags.RequestContextAwareTag.doStartTag(RequestContextAwareTag.java:80)
	at org.apache.jsp.WEB_002dINF.pages.login.new_jsp._jspx_meth_form_input_0(new_jsp.java:258)
	at org.apache.jsp.WEB_002dINF.pages.login.new_jsp._jspService(new_jsp.java:155)
	at org.apache.jasper.runtime.HttpJspBase.service(HttpJspBase.java:111)
	at javax.servlet.http.HttpServlet.service(HttpServlet.java:790)
	at org.apache.jasper.servlet.JspServletWrapper.service(JspServletWrapper.java:411)
	at org.apache.jasper.servlet.JspServlet.serviceJspFile(JspServlet.java:473)
	at org.apache.jasper.servlet.JspServlet.service(JspServlet.java:377)
	at javax.servlet.http.HttpServlet.service(HttpServlet.java:790)
	at org.eclipse.jetty.servlet.ServletHolder.handle(ServletHolder.java:711)
	at org.eclipse.jetty.servlet.ServletHandler.doHandle(ServletHandler.java:552)
	at org.eclipse.jetty.server.handler.ScopedHandler.handle(ScopedHandler.java:143)
	at org.eclipse.jetty.security.SecurityHandler.handle(SecurityHandler.java:586)
	at org.eclipse.jetty.server.session.SessionHandler.doHandle(SessionHandler.java:221)
	at org.eclipse.jetty.server.handler.ContextHandler.doHandle(ContextHandler.java:1112)
	at org.eclipse.jetty.servlet.ServletHandler.doScope(ServletHandler.java:479)
	at org.eclipse.jetty.server.session.SessionHandler.doScope(SessionHandler.java:183)
	at org.eclipse.jetty.server.handler.ContextHandler.doScope(ContextHandler.java:1046)
	at org.eclipse.jetty.server.handler.ScopedHandler.handle(ScopedHandler.java:141)
	at org.eclipse.jetty.server.Dispatcher.forward(Dispatcher.java:261)
	at org.eclipse.jetty.server.Dispatcher.forward(Dispatcher.java:101)
	at org.springframework.web.servlet.view.InternalResourceView.renderMergedOutputModel(InternalResourceView.java:209)
	at org.springframework.web.servlet.view.AbstractView.render(AbstractView.java:267)
	at org.springframework.web.servlet.DispatcherServlet.render(DispatcherServlet.java:1225)
	at org.springframework.web.servlet.DispatcherServlet.processDispatchResult(DispatcherServlet.java:1012)
	at org.springframework.web.servlet.DispatcherServlet.doDispatch(DispatcherServlet.java:959)
	at org.springframework.web.servlet.DispatcherServlet.doService(DispatcherServlet.java:876)
	at org.springframework.web.servlet.FrameworkServlet.processRequest(FrameworkServlet.java:961)
	at org.springframework.web.servlet.FrameworkServlet.doGet(FrameworkServlet.java:852)
	at javax.servlet.http.HttpServlet.service(HttpServlet.java:687)
	at org.springframework.web.servlet.FrameworkServlet.service(FrameworkServlet.java:837)
	at javax.servlet.http.HttpServlet.service(HttpServlet.java:790)
	at org.eclipse.jetty.servlet.ServletHolder.handle(ServletHolder.java:711)
	at org.eclipse.jetty.servlet.ServletHandler$CachedChain.doFilter(ServletHandler.java:1644)
	at innova4b.empresaReparto.login.LoginFilter.doFilter(LoginFilter.java:26)
	at org.eclipse.jetty.servlet.ServletHandler$CachedChain.doFilter(ServletHandler.java:1624)
	at org.eclipse.jetty.servlet.ServletHandler.doHandle(ServletHandler.java:550)
	at org.eclipse.jetty.server.handler.ScopedHandler.handle(ScopedHandler.java:143)
	at org.eclipse.jetty.security.SecurityHandler.handle(SecurityHandler.java:568)
	at org.eclipse.jetty.server.session.SessionHandler.doHandle(SessionHandler.java:221)
	at org.eclipse.jetty.server.handler.ContextHandler.doHandle(ContextHandler.java:1112)
	at org.eclipse.jetty.servlet.ServletHandler.doScope(ServletHandler.java:479)
	at org.eclipse.jetty.server.session.SessionHandler.doScope(SessionHandler.java:183)
	at org.eclipse.jetty.server.handler.ContextHandler.doScope(ContextHandler.java:1046)
	at org.eclipse.jetty.server.handler.ScopedHandler.handle(ScopedHandler.java:141)
	at org.eclipse.jetty.server.handler.ContextHandlerCollection.handle(ContextHandlerCollection.java:199)
	at org.eclipse.jetty.server.handler.HandlerCollection.handle(HandlerCollection.java:109)
	at org.eclipse.jetty.server.handler.HandlerWrapper.handle(HandlerWrapper.java:97)
	at org.eclipse.jetty.server.Server.handle(Server.java:462)
	at org.eclipse.jetty.server.HttpChannel.handle(HttpChannel.java:281)
	at org.eclipse.jetty.server.HttpConnection.onFillable(HttpConnection.java:232)
	at org.eclipse.jetty.io.AbstractConnection$1.run(AbstractConnection.java:505)
	at org.eclipse.jetty.util.thread.QueuedThreadPool.runJob(QueuedThreadPool.java:607)
	at org.eclipse.jetty.util.thread.QueuedThreadPool$3.run(QueuedThreadPool.java:536)
	at java.lang.Thread.run(Thread.java:744)
18:22:12,422 ERROR InputTag:87 - Neither BindingResult nor plain target object for bean name 'usuario' available as request attribute
java.lang.IllegalStateException: Neither BindingResult nor plain target object for bean name 'usuario' available as request attribute
	at org.springframework.web.servlet.support.BindStatus.<init>(BindStatus.java:144)
	at org.springframework.web.servlet.tags.form.AbstractDataBoundFormElementTag.getBindStatus(AbstractDataBoundFormElementTag.java:168)
	at org.springframework.web.servlet.tags.form.AbstractDataBoundFormElementTag.getPropertyPath(AbstractDataBoundFormElementTag.java:188)
	at org.springframework.web.servlet.tags.form.AbstractDataBoundFormElementTag.getName(AbstractDataBoundFormElementTag.java:154)
	at org.springframework.web.servlet.tags.form.AbstractDataBoundFormElementTag.autogenerateId(AbstractDataBoundFormElementTag.java:141)
	at org.springframework.web.servlet.tags.form.AbstractDataBoundFormElementTag.resolveId(AbstractDataBoundFormElementTag.java:132)
	at org.springframework.web.servlet.tags.form.AbstractDataBoundFormElementTag.writeDefaultAttributes(AbstractDataBoundFormElementTag.java:116)
	at org.springframework.web.servlet.tags.form.AbstractHtmlElementTag.writeDefaultAttributes(AbstractHtmlElementTag.java:422)
	at org.springframework.web.servlet.tags.form.InputTag.writeTagContent(InputTag.java:142)
	at org.springframework.web.servlet.tags.form.AbstractFormTag.doStartTagInternal(AbstractFormTag.java:84)
	at org.springframework.web.servlet.tags.RequestContextAwareTag.doStartTag(RequestContextAwareTag.java:80)
	at org.apache.jsp.WEB_002dINF.pages.login.new_jsp._jspx_meth_form_input_0(new_jsp.java:258)
	at org.apache.jsp.WEB_002dINF.pages.login.new_jsp._jspService(new_jsp.java:155)
	at org.apache.jasper.runtime.HttpJspBase.service(HttpJspBase.java:111)
	at javax.servlet.http.HttpServlet.service(HttpServlet.java:790)
	at org.apache.jasper.servlet.JspServletWrapper.service(JspServletWrapper.java:411)
	at org.apache.jasper.servlet.JspServlet.serviceJspFile(JspServlet.java:473)
	at org.apache.jasper.servlet.JspServlet.service(JspServlet.java:377)
	at javax.servlet.http.HttpServlet.service(HttpServlet.java:790)
	at org.eclipse.jetty.servlet.ServletHolder.handle(ServletHolder.java:711)
	at org.eclipse.jetty.servlet.ServletHandler.doHandle(ServletHandler.java:552)
	at org.eclipse.jetty.server.handler.ScopedHandler.handle(ScopedHandler.java:143)
	at org.eclipse.jetty.security.SecurityHandler.handle(SecurityHandler.java:586)
	at org.eclipse.jetty.server.session.SessionHandler.doHandle(SessionHandler.java:221)
	at org.eclipse.jetty.server.handler.ContextHandler.doHandle(ContextHandler.java:1112)
	at org.eclipse.jetty.servlet.ServletHandler.doScope(ServletHandler.java:479)
	at org.eclipse.jetty.server.session.SessionHandler.doScope(SessionHandler.java:183)
	at org.eclipse.jetty.server.handler.ContextHandler.doScope(ContextHandler.java:1046)
	at org.eclipse.jetty.server.handler.ScopedHandler.handle(ScopedHandler.java:141)
	at org.eclipse.jetty.server.Dispatcher.forward(Dispatcher.java:261)
	at org.eclipse.jetty.server.Dispatcher.forward(Dispatcher.java:101)
	at org.springframework.web.servlet.view.InternalResourceView.renderMergedOutputModel(InternalResourceView.java:209)
	at org.springframework.web.servlet.view.AbstractView.render(AbstractView.java:267)
	at org.springframework.web.servlet.DispatcherServlet.render(DispatcherServlet.java:1225)
	at org.springframework.web.servlet.DispatcherServlet.processDispatchResult(DispatcherServlet.java:1012)
	at org.springframework.web.servlet.DispatcherServlet.doDispatch(DispatcherServlet.java:959)
	at org.springframework.web.servlet.DispatcherServlet.doService(DispatcherServlet.java:876)
	at org.springframework.web.servlet.FrameworkServlet.processRequest(FrameworkServlet.java:961)
	at org.springframework.web.servlet.FrameworkServlet.doGet(FrameworkServlet.java:852)
	at javax.servlet.http.HttpServlet.service(HttpServlet.java:687)
	at org.springframework.web.servlet.FrameworkServlet.service(FrameworkServlet.java:837)
	at javax.servlet.http.HttpServlet.service(HttpServlet.java:790)
	at org.eclipse.jetty.servlet.ServletHolder.handle(ServletHolder.java:711)
	at org.eclipse.jetty.servlet.ServletHandler$CachedChain.doFilter(ServletHandler.java:1644)
	at innova4b.empresaReparto.login.LoginFilter.doFilter(LoginFilter.java:26)
	at org.eclipse.jetty.servlet.ServletHandler$CachedChain.doFilter(ServletHandler.java:1624)
	at org.eclipse.jetty.servlet.ServletHandler.doHandle(ServletHandler.java:550)
	at org.eclipse.jetty.server.handler.ScopedHandler.handle(ScopedHandler.java:143)
	at org.eclipse.jetty.security.SecurityHandler.handle(SecurityHandler.java:568)
	at org.eclipse.jetty.server.session.SessionHandler.doHandle(SessionHandler.java:221)
	at org.eclipse.jetty.server.handler.ContextHandler.doHandle(ContextHandler.java:1112)
	at org.eclipse.jetty.servlet.ServletHandler.doScope(ServletHandler.java:479)
	at org.eclipse.jetty.server.session.SessionHandler.doScope(SessionHandler.java:183)
	at org.eclipse.jetty.server.handler.ContextHandler.doScope(ContextHandler.java:1046)
	at org.eclipse.jetty.server.handler.ScopedHandler.handle(ScopedHandler.java:141)
	at org.eclipse.jetty.server.handler.ContextHandlerCollection.handle(ContextHandlerCollection.java:199)
	at org.eclipse.jetty.server.handler.HandlerCollection.handle(HandlerCollection.java:109)
	at org.eclipse.jetty.server.handler.HandlerWrapper.handle(HandlerWrapper.java:97)
	at org.eclipse.jetty.server.Server.handle(Server.java:462)
	at org.eclipse.jetty.server.HttpChannel.handle(HttpChannel.java:281)
	at org.eclipse.jetty.server.HttpConnection.onFillable(HttpConnection.java:232)
	at org.eclipse.jetty.io.AbstractConnection$1.run(AbstractConnection.java:505)
	at org.eclipse.jetty.util.thread.QueuedThreadPool.runJob(QueuedThreadPool.java:607)
	at org.eclipse.jetty.util.thread.QueuedThreadPool$3.run(QueuedThreadPool.java:536)
	at java.lang.Thread.run(Thread.java:744)
18:22:51,980 ERROR InputTag:87 - Neither BindingResult nor plain target object for bean name 'usuario' available as request attribute
java.lang.IllegalStateException: Neither BindingResult nor plain target object for bean name 'usuario' available as request attribute
	at org.springframework.web.servlet.support.BindStatus.<init>(BindStatus.java:144)
	at org.springframework.web.servlet.tags.form.AbstractDataBoundFormElementTag.getBindStatus(AbstractDataBoundFormElementTag.java:168)
	at org.springframework.web.servlet.tags.form.AbstractDataBoundFormElementTag.getPropertyPath(AbstractDataBoundFormElementTag.java:188)
	at org.springframework.web.servlet.tags.form.AbstractDataBoundFormElementTag.getName(AbstractDataBoundFormElementTag.java:154)
	at org.springframework.web.servlet.tags.form.AbstractDataBoundFormElementTag.autogenerateId(AbstractDataBoundFormElementTag.java:141)
	at org.springframework.web.servlet.tags.form.AbstractDataBoundFormElementTag.resolveId(AbstractDataBoundFormElementTag.java:132)
	at org.springframework.web.servlet.tags.form.AbstractDataBoundFormElementTag.writeDefaultAttributes(AbstractDataBoundFormElementTag.java:116)
	at org.springframework.web.servlet.tags.form.AbstractHtmlElementTag.writeDefaultAttributes(AbstractHtmlElementTag.java:422)
	at org.springframework.web.servlet.tags.form.InputTag.writeTagContent(InputTag.java:142)
	at org.springframework.web.servlet.tags.form.AbstractFormTag.doStartTagInternal(AbstractFormTag.java:84)
	at org.springframework.web.servlet.tags.RequestContextAwareTag.doStartTag(RequestContextAwareTag.java:80)
	at org.apache.jsp.WEB_002dINF.pages.login.new_jsp._jspx_meth_form_input_0(new_jsp.java:257)
	at org.apache.jsp.WEB_002dINF.pages.login.new_jsp._jspService(new_jsp.java:155)
	at org.apache.jasper.runtime.HttpJspBase.service(HttpJspBase.java:111)
	at javax.servlet.http.HttpServlet.service(HttpServlet.java:790)
	at org.apache.jasper.servlet.JspServletWrapper.service(JspServletWrapper.java:411)
	at org.apache.jasper.servlet.JspServlet.serviceJspFile(JspServlet.java:473)
	at org.apache.jasper.servlet.JspServlet.service(JspServlet.java:377)
	at javax.servlet.http.HttpServlet.service(HttpServlet.java:790)
	at org.eclipse.jetty.servlet.ServletHolder.handle(ServletHolder.java:711)
	at org.eclipse.jetty.servlet.ServletHandler.doHandle(ServletHandler.java:552)
	at org.eclipse.jetty.server.handler.ScopedHandler.handle(ScopedHandler.java:143)
	at org.eclipse.jetty.security.SecurityHandler.handle(SecurityHandler.java:586)
	at org.eclipse.jetty.server.session.SessionHandler.doHandle(SessionHandler.java:221)
	at org.eclipse.jetty.server.handler.ContextHandler.doHandle(ContextHandler.java:1112)
	at org.eclipse.jetty.servlet.ServletHandler.doScope(ServletHandler.java:479)
	at org.eclipse.jetty.server.session.SessionHandler.doScope(SessionHandler.java:183)
	at org.eclipse.jetty.server.handler.ContextHandler.doScope(ContextHandler.java:1046)
	at org.eclipse.jetty.server.handler.ScopedHandler.handle(ScopedHandler.java:141)
	at org.eclipse.jetty.server.Dispatcher.forward(Dispatcher.java:261)
	at org.eclipse.jetty.server.Dispatcher.forward(Dispatcher.java:101)
	at org.springframework.web.servlet.view.InternalResourceView.renderMergedOutputModel(InternalResourceView.java:209)
	at org.springframework.web.servlet.view.AbstractView.render(AbstractView.java:267)
	at org.springframework.web.servlet.DispatcherServlet.render(DispatcherServlet.java:1225)
	at org.springframework.web.servlet.DispatcherServlet.processDispatchResult(DispatcherServlet.java:1012)
	at org.springframework.web.servlet.DispatcherServlet.doDispatch(DispatcherServlet.java:959)
	at org.springframework.web.servlet.DispatcherServlet.doService(DispatcherServlet.java:876)
	at org.springframework.web.servlet.FrameworkServlet.processRequest(FrameworkServlet.java:961)
	at org.springframework.web.servlet.FrameworkServlet.doGet(FrameworkServlet.java:852)
	at javax.servlet.http.HttpServlet.service(HttpServlet.java:687)
	at org.springframework.web.servlet.FrameworkServlet.service(FrameworkServlet.java:837)
	at javax.servlet.http.HttpServlet.service(HttpServlet.java:790)
	at org.eclipse.jetty.servlet.ServletHolder.handle(ServletHolder.java:711)
	at org.eclipse.jetty.servlet.ServletHandler$CachedChain.doFilter(ServletHandler.java:1644)
	at innova4b.empresaReparto.login.LoginFilter.doFilter(LoginFilter.java:26)
	at org.eclipse.jetty.servlet.ServletHandler$CachedChain.doFilter(ServletHandler.java:1624)
	at org.eclipse.jetty.servlet.ServletHandler.doHandle(ServletHandler.java:550)
	at org.eclipse.jetty.server.handler.ScopedHandler.handle(ScopedHandler.java:143)
	at org.eclipse.jetty.security.SecurityHandler.handle(SecurityHandler.java:568)
	at org.eclipse.jetty.server.session.SessionHandler.doHandle(SessionHandler.java:221)
	at org.eclipse.jetty.server.handler.ContextHandler.doHandle(ContextHandler.java:1112)
	at org.eclipse.jetty.servlet.ServletHandler.doScope(ServletHandler.java:479)
	at org.eclipse.jetty.server.session.SessionHandler.doScope(SessionHandler.java:183)
	at org.eclipse.jetty.server.handler.ContextHandler.doScope(ContextHandler.java:1046)
	at org.eclipse.jetty.server.handler.ScopedHandler.handle(ScopedHandler.java:141)
	at org.eclipse.jetty.server.handler.ContextHandlerCollection.handle(ContextHandlerCollection.java:199)
	at org.eclipse.jetty.server.handler.HandlerCollection.handle(HandlerCollection.java:109)
	at org.eclipse.jetty.server.handler.HandlerWrapper.handle(HandlerWrapper.java:97)
	at org.eclipse.jetty.server.Server.handle(Server.java:462)
	at org.eclipse.jetty.server.HttpChannel.handle(HttpChannel.java:281)
	at org.eclipse.jetty.server.HttpConnection.onFillable(HttpConnection.java:232)
	at org.eclipse.jetty.io.AbstractConnection$1.run(AbstractConnection.java:505)
	at org.eclipse.jetty.util.thread.QueuedThreadPool.runJob(QueuedThreadPool.java:607)
	at org.eclipse.jetty.util.thread.QueuedThreadPool$3.run(QueuedThreadPool.java:536)
	at java.lang.Thread.run(Thread.java:744)
18:24:40,184 ERROR LabelTag:87 - Neither BindingResult nor plain target object for bean name 'usuario' available as request attribute
java.lang.IllegalStateException: Neither BindingResult nor plain target object for bean name 'usuario' available as request attribute
	at org.springframework.web.servlet.support.BindStatus.<init>(BindStatus.java:144)
	at org.springframework.web.servlet.tags.form.AbstractDataBoundFormElementTag.getBindStatus(AbstractDataBoundFormElementTag.java:168)
	at org.springframework.web.servlet.tags.form.AbstractDataBoundFormElementTag.getPropertyPath(AbstractDataBoundFormElementTag.java:188)
	at org.springframework.web.servlet.tags.form.LabelTag.autogenerateFor(LabelTag.java:130)
	at org.springframework.web.servlet.tags.form.LabelTag.resolveFor(LabelTag.java:120)
	at org.springframework.web.servlet.tags.form.LabelTag.writeTagContent(LabelTag.java:90)
	at org.springframework.web.servlet.tags.form.AbstractFormTag.doStartTagInternal(AbstractFormTag.java:84)
	at org.springframework.web.servlet.tags.RequestContextAwareTag.doStartTag(RequestContextAwareTag.java:80)
	at org.apache.jsp.WEB_002dINF.pages.login.new_jsp._jspx_meth_form_label_0(new_jsp.java:268)
	at org.apache.jsp.WEB_002dINF.pages.login.new_jsp._jspService(new_jsp.java:158)
	at org.apache.jasper.runtime.HttpJspBase.service(HttpJspBase.java:111)
	at javax.servlet.http.HttpServlet.service(HttpServlet.java:790)
	at org.apache.jasper.servlet.JspServletWrapper.service(JspServletWrapper.java:411)
	at org.apache.jasper.servlet.JspServlet.serviceJspFile(JspServlet.java:473)
	at org.apache.jasper.servlet.JspServlet.service(JspServlet.java:377)
	at javax.servlet.http.HttpServlet.service(HttpServlet.java:790)
	at org.eclipse.jetty.servlet.ServletHolder.handle(ServletHolder.java:711)
	at org.eclipse.jetty.servlet.ServletHandler.doHandle(ServletHandler.java:552)
	at org.eclipse.jetty.server.handler.ScopedHandler.handle(ScopedHandler.java:143)
	at org.eclipse.jetty.security.SecurityHandler.handle(SecurityHandler.java:586)
	at org.eclipse.jetty.server.session.SessionHandler.doHandle(SessionHandler.java:221)
	at org.eclipse.jetty.server.handler.ContextHandler.doHandle(ContextHandler.java:1112)
	at org.eclipse.jetty.servlet.ServletHandler.doScope(ServletHandler.java:479)
	at org.eclipse.jetty.server.session.SessionHandler.doScope(SessionHandler.java:183)
	at org.eclipse.jetty.server.handler.ContextHandler.doScope(ContextHandler.java:1046)
	at org.eclipse.jetty.server.handler.ScopedHandler.handle(ScopedHandler.java:141)
	at org.eclipse.jetty.server.Dispatcher.forward(Dispatcher.java:261)
	at org.eclipse.jetty.server.Dispatcher.forward(Dispatcher.java:101)
	at org.springframework.web.servlet.view.InternalResourceView.renderMergedOutputModel(InternalResourceView.java:209)
	at org.springframework.web.servlet.view.AbstractView.render(AbstractView.java:267)
	at org.springframework.web.servlet.DispatcherServlet.render(DispatcherServlet.java:1225)
	at org.springframework.web.servlet.DispatcherServlet.processDispatchResult(DispatcherServlet.java:1012)
	at org.springframework.web.servlet.DispatcherServlet.doDispatch(DispatcherServlet.java:959)
	at org.springframework.web.servlet.DispatcherServlet.doService(DispatcherServlet.java:876)
	at org.springframework.web.servlet.FrameworkServlet.processRequest(FrameworkServlet.java:961)
	at org.springframework.web.servlet.FrameworkServlet.doGet(FrameworkServlet.java:852)
	at javax.servlet.http.HttpServlet.service(HttpServlet.java:687)
	at org.springframework.web.servlet.FrameworkServlet.service(FrameworkServlet.java:837)
	at javax.servlet.http.HttpServlet.service(HttpServlet.java:790)
	at org.eclipse.jetty.servlet.ServletHolder.handle(ServletHolder.java:711)
	at org.eclipse.jetty.servlet.ServletHandler$CachedChain.doFilter(ServletHandler.java:1644)
	at innova4b.empresaReparto.login.LoginFilter.doFilter(LoginFilter.java:26)
	at org.eclipse.jetty.servlet.ServletHandler$CachedChain.doFilter(ServletHandler.java:1624)
	at org.eclipse.jetty.servlet.ServletHandler.doHandle(ServletHandler.java:550)
	at org.eclipse.jetty.server.handler.ScopedHandler.handle(ScopedHandler.java:143)
	at org.eclipse.jetty.security.SecurityHandler.handle(SecurityHandler.java:568)
	at org.eclipse.jetty.server.session.SessionHandler.doHandle(SessionHandler.java:221)
	at org.eclipse.jetty.server.handler.ContextHandler.doHandle(ContextHandler.java:1112)
	at org.eclipse.jetty.servlet.ServletHandler.doScope(ServletHandler.java:479)
	at org.eclipse.jetty.server.session.SessionHandler.doScope(SessionHandler.java:183)
	at org.eclipse.jetty.server.handler.ContextHandler.doScope(ContextHandler.java:1046)
	at org.eclipse.jetty.server.handler.ScopedHandler.handle(ScopedHandler.java:141)
	at org.eclipse.jetty.server.handler.ContextHandlerCollection.handle(ContextHandlerCollection.java:199)
	at org.eclipse.jetty.server.handler.HandlerCollection.handle(HandlerCollection.java:109)
	at org.eclipse.jetty.server.handler.HandlerWrapper.handle(HandlerWrapper.java:97)
	at org.eclipse.jetty.server.Server.handle(Server.java:462)
	at org.eclipse.jetty.server.HttpChannel.handle(HttpChannel.java:281)
	at org.eclipse.jetty.server.HttpConnection.onFillable(HttpConnection.java:232)
	at org.eclipse.jetty.io.AbstractConnection$1.run(AbstractConnection.java:505)
	at org.eclipse.jetty.util.thread.QueuedThreadPool.runJob(QueuedThreadPool.java:607)
	at org.eclipse.jetty.util.thread.QueuedThreadPool$3.run(QueuedThreadPool.java:536)
	at java.lang.Thread.run(Thread.java:744)
18:27:23,857 ERROR HiddenInputTag:87 - Neither BindingResult nor plain target object for bean name 'usuario' available as request attribute
java.lang.IllegalStateException: Neither BindingResult nor plain target object for bean name 'usuario' available as request attribute
	at org.springframework.web.servlet.support.BindStatus.<init>(BindStatus.java:144)
	at org.springframework.web.servlet.tags.form.AbstractDataBoundFormElementTag.getBindStatus(AbstractDataBoundFormElementTag.java:168)
	at org.springframework.web.servlet.tags.form.AbstractDataBoundFormElementTag.getPropertyPath(AbstractDataBoundFormElementTag.java:188)
	at org.springframework.web.servlet.tags.form.AbstractDataBoundFormElementTag.getName(AbstractDataBoundFormElementTag.java:154)
	at org.springframework.web.servlet.tags.form.AbstractDataBoundFormElementTag.autogenerateId(AbstractDataBoundFormElementTag.java:141)
	at org.springframework.web.servlet.tags.form.AbstractDataBoundFormElementTag.resolveId(AbstractDataBoundFormElementTag.java:132)
	at org.springframework.web.servlet.tags.form.AbstractDataBoundFormElementTag.writeDefaultAttributes(AbstractDataBoundFormElementTag.java:116)
	at org.springframework.web.servlet.tags.form.AbstractHtmlElementTag.writeDefaultAttributes(AbstractHtmlElementTag.java:422)
	at org.springframework.web.servlet.tags.form.HiddenInputTag.writeTagContent(HiddenInputTag.java:79)
	at org.springframework.web.servlet.tags.form.AbstractFormTag.doStartTagInternal(AbstractFormTag.java:84)
	at org.springframework.web.servlet.tags.RequestContextAwareTag.doStartTag(RequestContextAwareTag.java:80)
	at org.apache.jsp.WEB_002dINF.pages.login.new_jsp._jspx_meth_form_hidden_0(new_jsp.java:279)
	at org.apache.jsp.WEB_002dINF.pages.login.new_jsp._jspService(new_jsp.java:160)
	at org.apache.jasper.runtime.HttpJspBase.service(HttpJspBase.java:111)
	at javax.servlet.http.HttpServlet.service(HttpServlet.java:790)
	at org.apache.jasper.servlet.JspServletWrapper.service(JspServletWrapper.java:411)
	at org.apache.jasper.servlet.JspServlet.serviceJspFile(JspServlet.java:473)
	at org.apache.jasper.servlet.JspServlet.service(JspServlet.java:377)
	at javax.servlet.http.HttpServlet.service(HttpServlet.java:790)
	at org.eclipse.jetty.servlet.ServletHolder.handle(ServletHolder.java:711)
	at org.eclipse.jetty.servlet.ServletHandler.doHandle(ServletHandler.java:552)
	at org.eclipse.jetty.server.handler.ScopedHandler.handle(ScopedHandler.java:143)
	at org.eclipse.jetty.security.SecurityHandler.handle(SecurityHandler.java:586)
	at org.eclipse.jetty.server.session.SessionHandler.doHandle(SessionHandler.java:221)
	at org.eclipse.jetty.server.handler.ContextHandler.doHandle(ContextHandler.java:1112)
	at org.eclipse.jetty.servlet.ServletHandler.doScope(ServletHandler.java:479)
	at org.eclipse.jetty.server.session.SessionHandler.doScope(SessionHandler.java:183)
	at org.eclipse.jetty.server.handler.ContextHandler.doScope(ContextHandler.java:1046)
	at org.eclipse.jetty.server.handler.ScopedHandler.handle(ScopedHandler.java:141)
	at org.eclipse.jetty.server.Dispatcher.forward(Dispatcher.java:261)
	at org.eclipse.jetty.server.Dispatcher.forward(Dispatcher.java:101)
	at org.springframework.web.servlet.view.InternalResourceView.renderMergedOutputModel(InternalResourceView.java:209)
	at org.springframework.web.servlet.view.AbstractView.render(AbstractView.java:267)
	at org.springframework.web.servlet.DispatcherServlet.render(DispatcherServlet.java:1225)
	at org.springframework.web.servlet.DispatcherServlet.processDispatchResult(DispatcherServlet.java:1012)
	at org.springframework.web.servlet.DispatcherServlet.doDispatch(DispatcherServlet.java:959)
	at org.springframework.web.servlet.DispatcherServlet.doService(DispatcherServlet.java:876)
	at org.springframework.web.servlet.FrameworkServlet.processRequest(FrameworkServlet.java:961)
	at org.springframework.web.servlet.FrameworkServlet.doGet(FrameworkServlet.java:852)
	at javax.servlet.http.HttpServlet.service(HttpServlet.java:687)
	at org.springframework.web.servlet.FrameworkServlet.service(FrameworkServlet.java:837)
	at javax.servlet.http.HttpServlet.service(HttpServlet.java:790)
	at org.eclipse.jetty.servlet.ServletHolder.handle(ServletHolder.java:711)
	at org.eclipse.jetty.servlet.ServletHandler$CachedChain.doFilter(ServletHandler.java:1644)
	at innova4b.empresaReparto.login.LoginFilter.doFilter(LoginFilter.java:26)
	at org.eclipse.jetty.servlet.ServletHandler$CachedChain.doFilter(ServletHandler.java:1624)
	at org.eclipse.jetty.servlet.ServletHandler.doHandle(ServletHandler.java:550)
	at org.eclipse.jetty.server.handler.ScopedHandler.handle(ScopedHandler.java:143)
	at org.eclipse.jetty.security.SecurityHandler.handle(SecurityHandler.java:568)
	at org.eclipse.jetty.server.session.SessionHandler.doHandle(SessionHandler.java:221)
	at org.eclipse.jetty.server.handler.ContextHandler.doHandle(ContextHandler.java:1112)
	at org.eclipse.jetty.servlet.ServletHandler.doScope(ServletHandler.java:479)
	at org.eclipse.jetty.server.session.SessionHandler.doScope(SessionHandler.java:183)
	at org.eclipse.jetty.server.handler.ContextHandler.doScope(ContextHandler.java:1046)
	at org.eclipse.jetty.server.handler.ScopedHandler.handle(ScopedHandler.java:141)
	at org.eclipse.jetty.server.handler.ContextHandlerCollection.handle(ContextHandlerCollection.java:199)
	at org.eclipse.jetty.server.handler.HandlerCollection.handle(HandlerCollection.java:109)
	at org.eclipse.jetty.server.handler.HandlerWrapper.handle(HandlerWrapper.java:97)
	at org.eclipse.jetty.server.Server.handle(Server.java:462)
	at org.eclipse.jetty.server.HttpChannel.handle(HttpChannel.java:281)
	at org.eclipse.jetty.server.HttpConnection.onFillable(HttpConnection.java:232)
	at org.eclipse.jetty.io.AbstractConnection$1.run(AbstractConnection.java:505)
	at org.eclipse.jetty.util.thread.QueuedThreadPool.runJob(QueuedThreadPool.java:607)
	at org.eclipse.jetty.util.thread.QueuedThreadPool$3.run(QueuedThreadPool.java:536)
	at java.lang.Thread.run(Thread.java:744)
18:29:48,570  INFO XmlWebApplicationContext:873 - Closing WebApplicationContext for namespace 'dispatcher-servlet': startup date [Tue Apr 15 18:12:25 CEST 2014]; root of context hierarchy
18:29:51,057  INFO DispatcherServlet:479 - FrameworkServlet 'dispatcher': initialization started
18:29:51,070  INFO XmlWebApplicationContext:513 - Refreshing WebApplicationContext for namespace 'dispatcher-servlet': startup date [Tue Apr 15 18:29:51 CEST 2014]; root of context hierarchy
18:29:51,094  INFO XmlBeanDefinitionReader:316 - Loading XML bean definitions from ServletContext resource [/WEB-INF/dispatcher-servlet.xml]
18:29:51,277  INFO AutowiredAnnotationBeanPostProcessor:141 - JSR-330 'javax.inject.Inject' annotation found and supported for autowiring
18:29:51,374  INFO DriverManagerDataSource:133 - Loaded JDBC driver: com.mysql.jdbc.Driver
18:29:51,467  INFO Version:66 - HCANN000001: Hibernate Commons Annotations {4.0.4.Final}
18:29:51,474  INFO Version:54 - HHH000412: Hibernate Core {4.3.4.Final}
18:29:51,478  INFO Environment:239 - HHH000206: hibernate.properties not found
18:29:51,480  INFO Environment:346 - HHH000021: Bytecode provider name : javassist
18:29:51,818  INFO Dialect:145 - HHH000400: Using dialect: org.hibernate.dialect.MySQLDialect
18:29:51,827  INFO LobCreatorBuilder:97 - HHH000423: Disabling contextual LOB creation as JDBC driver reported JDBC version [3] less than 4
18:29:51,946  INFO TransactionFactoryInitiator:62 - HHH000399: Using default transaction strategy (direct JDBC transactions)
18:29:51,950  INFO ASTQueryTranslatorFactory:47 - HHH000397: Using ASTQueryTranslatorFactory
18:29:51,993  INFO Version:27 - HV000001: Hibernate Validator 5.1.0.Final
18:29:52,363 ERROR DispatcherServlet:492 - Context initialization failed
org.springframework.beans.factory.BeanCreationException: Error creating bean with name 'loginController' defined in file [/home/maite/workspace/empresaReparto/target/classes/innova4b/empresaReparto/login/web/LoginController.class]: Instantiation of bean failed; nested exception is org.springframework.beans.BeanInstantiationException: Could not instantiate bean class [innova4b.empresaReparto.login.web.LoginController]: Constructor threw exception; nested exception is java.lang.Error: Unresolved compilation problem: 
	The import innova4b.ejemploSpringMVC cannot be resolved

	at org.springframework.beans.factory.support.AbstractAutowireCapableBeanFactory.instantiateBean(AbstractAutowireCapableBeanFactory.java:1076)
	at org.springframework.beans.factory.support.AbstractAutowireCapableBeanFactory.createBeanInstance(AbstractAutowireCapableBeanFactory.java:1021)
	at org.springframework.beans.factory.support.AbstractAutowireCapableBeanFactory.doCreateBean(AbstractAutowireCapableBeanFactory.java:504)
	at org.springframework.beans.factory.support.AbstractAutowireCapableBeanFactory.createBean(AbstractAutowireCapableBeanFactory.java:475)
	at org.springframework.beans.factory.support.AbstractBeanFactory$1.getObject(AbstractBeanFactory.java:304)
	at org.springframework.beans.factory.support.DefaultSingletonBeanRegistry.getSingleton(DefaultSingletonBeanRegistry.java:228)
	at org.springframework.beans.factory.support.AbstractBeanFactory.doGetBean(AbstractBeanFactory.java:300)
	at org.springframework.beans.factory.support.AbstractBeanFactory.getBean(AbstractBeanFactory.java:195)
	at org.springframework.beans.factory.support.DefaultListableBeanFactory.preInstantiateSingletons(DefaultListableBeanFactory.java:700)
	at org.springframework.context.support.AbstractApplicationContext.finishBeanFactoryInitialization(AbstractApplicationContext.java:760)
	at org.springframework.context.support.AbstractApplicationContext.refresh(AbstractApplicationContext.java:482)
	at org.springframework.web.servlet.FrameworkServlet.configureAndRefreshWebApplicationContext(FrameworkServlet.java:658)
	at org.springframework.web.servlet.FrameworkServlet.createWebApplicationContext(FrameworkServlet.java:624)
	at org.springframework.web.servlet.FrameworkServlet.createWebApplicationContext(FrameworkServlet.java:672)
	at org.springframework.web.servlet.FrameworkServlet.initWebApplicationContext(FrameworkServlet.java:543)
	at org.springframework.web.servlet.FrameworkServlet.initServletBean(FrameworkServlet.java:484)
	at org.springframework.web.servlet.HttpServletBean.init(HttpServletBean.java:136)
	at javax.servlet.GenericServlet.init(GenericServlet.java:244)
	at org.eclipse.jetty.servlet.ServletHolder.initServlet(ServletHolder.java:555)
	at org.eclipse.jetty.servlet.ServletHolder.initialize(ServletHolder.java:345)
	at org.eclipse.jetty.servlet.ServletHandler.initialize(ServletHandler.java:840)
	at org.eclipse.jetty.servlet.ServletContextHandler.startContext(ServletContextHandler.java:300)
	at org.eclipse.jetty.webapp.WebAppContext.startContext(WebAppContext.java:1347)
	at org.eclipse.jetty.server.handler.ContextHandler.doStart(ContextHandler.java:745)
	at org.eclipse.jetty.webapp.WebAppContext.doStart(WebAppContext.java:492)
	at org.eclipse.jetty.maven.plugin.JettyWebAppContext.doStart(JettyWebAppContext.java:282)
	at org.eclipse.jetty.util.component.AbstractLifeCycle.start(AbstractLifeCycle.java:68)
	at org.eclipse.jetty.maven.plugin.JettyRunMojo.restartWebApp(JettyRunMojo.java:532)
	at org.eclipse.jetty.maven.plugin.JettyRunMojo$1.filesChanged(JettyRunMojo.java:485)
	at org.eclipse.jetty.util.Scanner.reportBulkChanges(Scanner.java:681)
	at org.eclipse.jetty.util.Scanner.reportDifferences(Scanner.java:539)
	at org.eclipse.jetty.util.Scanner.scan(Scanner.java:391)
	at org.eclipse.jetty.util.Scanner$1.run(Scanner.java:329)
	at java.util.TimerThread.mainLoop(Timer.java:555)
	at java.util.TimerThread.run(Timer.java:505)
Caused by: org.springframework.beans.BeanInstantiationException: Could not instantiate bean class [innova4b.empresaReparto.login.web.LoginController]: Constructor threw exception; nested exception is java.lang.Error: Unresolved compilation problem: 
	The import innova4b.ejemploSpringMVC cannot be resolved

	at org.springframework.beans.BeanUtils.instantiateClass(BeanUtils.java:164)
	at org.springframework.beans.factory.support.SimpleInstantiationStrategy.instantiate(SimpleInstantiationStrategy.java:89)
	at org.springframework.beans.factory.support.AbstractAutowireCapableBeanFactory.instantiateBean(AbstractAutowireCapableBeanFactory.java:1069)
	... 34 more
Caused by: java.lang.Error: Unresolved compilation problem: 
	The import innova4b.ejemploSpringMVC cannot be resolved

	at innova4b.empresaReparto.login.web.LoginController.<init>(LoginController.java:3)
	at sun.reflect.NativeConstructorAccessorImpl.newInstance0(Native Method)
	at sun.reflect.NativeConstructorAccessorImpl.newInstance(NativeConstructorAccessorImpl.java:57)
	at sun.reflect.DelegatingConstructorAccessorImpl.newInstance(DelegatingConstructorAccessorImpl.java:45)
	at java.lang.reflect.Constructor.newInstance(Constructor.java:526)
	at org.springframework.beans.BeanUtils.instantiateClass(BeanUtils.java:148)
	... 36 more
18:30:17,097  INFO DispatcherServlet:479 - FrameworkServlet 'dispatcher': initialization started
18:30:17,127  INFO XmlWebApplicationContext:513 - Refreshing WebApplicationContext for namespace 'dispatcher-servlet': startup date [Tue Apr 15 18:30:17 CEST 2014]; root of context hierarchy
18:30:17,167  INFO XmlBeanDefinitionReader:316 - Loading XML bean definitions from ServletContext resource [/WEB-INF/dispatcher-servlet.xml]
18:30:17,420  INFO AutowiredAnnotationBeanPostProcessor:141 - JSR-330 'javax.inject.Inject' annotation found and supported for autowiring
18:30:17,542  INFO DriverManagerDataSource:133 - Loaded JDBC driver: com.mysql.jdbc.Driver
18:30:17,641  INFO Version:66 - HCANN000001: Hibernate Commons Annotations {4.0.4.Final}
18:30:17,648  INFO Version:54 - HHH000412: Hibernate Core {4.3.4.Final}
18:30:17,651  INFO Environment:239 - HHH000206: hibernate.properties not found
18:30:17,653  INFO Environment:346 - HHH000021: Bytecode provider name : javassist
18:30:17,958  INFO Dialect:145 - HHH000400: Using dialect: org.hibernate.dialect.MySQLDialect
18:30:17,971  INFO LobCreatorBuilder:97 - HHH000423: Disabling contextual LOB creation as JDBC driver reported JDBC version [3] less than 4
18:30:18,103  INFO TransactionFactoryInitiator:62 - HHH000399: Using default transaction strategy (direct JDBC transactions)
18:30:18,108  INFO ASTQueryTranslatorFactory:47 - HHH000397: Using ASTQueryTranslatorFactory
18:30:18,153  INFO Version:27 - HV000001: Hibernate Validator 5.1.0.Final
18:30:18,740  INFO HibernateTransactionManager:339 - Using DataSource [org.springframework.jdbc.datasource.DriverManagerDataSource@f6b8d91] of Hibernate SessionFactory for HibernateTransactionManager
18:30:18,783  INFO DefaultAnnotationHandlerMapping:315 - Mapped URL path [/login/new] onto handler 'loginController'
18:30:18,784  INFO DefaultAnnotationHandlerMapping:315 - Mapped URL path [/login/new.*] onto handler 'loginController'
18:30:18,785  INFO DefaultAnnotationHandlerMapping:315 - Mapped URL path [/login/new/] onto handler 'loginController'
18:30:18,785  INFO DefaultAnnotationHandlerMapping:315 - Mapped URL path [/login/add] onto handler 'loginController'
18:30:18,785  INFO DefaultAnnotationHandlerMapping:315 - Mapped URL path [/login/add.*] onto handler 'loginController'
18:30:18,785  INFO DefaultAnnotationHandlerMapping:315 - Mapped URL path [/login/add/] onto handler 'loginController'
18:30:18,786  INFO DefaultAnnotationHandlerMapping:315 - Mapped URL path [/logout] onto handler 'logoutController'
18:30:18,786  INFO DefaultAnnotationHandlerMapping:315 - Mapped URL path [/logout.*] onto handler 'logoutController'
18:30:18,786  INFO DefaultAnnotationHandlerMapping:315 - Mapped URL path [/logout/] onto handler 'logoutController'
18:30:18,787  INFO DefaultAnnotationHandlerMapping:315 - Mapped URL path [/empresa/list] onto handler 'empresaController'
18:30:18,787  INFO DefaultAnnotationHandlerMapping:315 - Mapped URL path [/empresa/list.*] onto handler 'empresaController'
18:30:18,788  INFO DefaultAnnotationHandlerMapping:315 - Mapped URL path [/empresa/list/] onto handler 'empresaController'
18:30:18,976  INFO DispatcherServlet:498 - FrameworkServlet 'dispatcher': initialization completed in 1875 ms
18:30:38,617  WARN HqlSqlWalker:995 - [DEPRECATION] Encountered positional parameter near line 1, column 65.  Positional parameter are considered deprecated; use named parameters or JPA-style positional parameters instead.
18:30:38,668  INFO UsuarioService:25 - Intento de logueo con usuario incorrecto.
18:30:38,669  INFO UsuarioService:26 - Usuario: 
18:31:30,220  INFO XmlWebApplicationContext:873 - Closing WebApplicationContext for namespace 'dispatcher-servlet': startup date [Tue Apr 15 18:30:17 CEST 2014]; root of context hierarchy
18:31:32,406  INFO DispatcherServlet:479 - FrameworkServlet 'dispatcher': initialization started
18:31:32,419  INFO XmlWebApplicationContext:513 - Refreshing WebApplicationContext for namespace 'dispatcher-servlet': startup date [Tue Apr 15 18:31:32 CEST 2014]; root of context hierarchy
18:31:32,455  INFO XmlBeanDefinitionReader:316 - Loading XML bean definitions from ServletContext resource [/WEB-INF/dispatcher-servlet.xml]
18:31:32,623  INFO AutowiredAnnotationBeanPostProcessor:141 - JSR-330 'javax.inject.Inject' annotation found and supported for autowiring
18:31:32,719  INFO DriverManagerDataSource:133 - Loaded JDBC driver: com.mysql.jdbc.Driver
18:31:32,877  INFO Version:66 - HCANN000001: Hibernate Commons Annotations {4.0.4.Final}
18:31:32,882  INFO Version:54 - HHH000412: Hibernate Core {4.3.4.Final}
18:31:32,885  INFO Environment:239 - HHH000206: hibernate.properties not found
18:31:32,886  INFO Environment:346 - HHH000021: Bytecode provider name : javassist
18:31:33,220  INFO Dialect:145 - HHH000400: Using dialect: org.hibernate.dialect.MySQLDialect
18:31:33,231  INFO LobCreatorBuilder:97 - HHH000423: Disabling contextual LOB creation as JDBC driver reported JDBC version [3] less than 4
18:31:33,340  INFO TransactionFactoryInitiator:62 - HHH000399: Using default transaction strategy (direct JDBC transactions)
18:31:33,344  INFO ASTQueryTranslatorFactory:47 - HHH000397: Using ASTQueryTranslatorFactory
18:31:33,383  INFO Version:27 - HV000001: Hibernate Validator 5.1.0.Final
18:31:33,802  INFO HibernateTransactionManager:339 - Using DataSource [org.springframework.jdbc.datasource.DriverManagerDataSource@1a04b02] of Hibernate SessionFactory for HibernateTransactionManager
18:31:33,835  INFO DefaultAnnotationHandlerMapping:315 - Mapped URL path [/login/new] onto handler 'loginController'
18:31:33,835  INFO DefaultAnnotationHandlerMapping:315 - Mapped URL path [/login/new.*] onto handler 'loginController'
18:31:33,835  INFO DefaultAnnotationHandlerMapping:315 - Mapped URL path [/login/new/] onto handler 'loginController'
18:31:33,836  INFO DefaultAnnotationHandlerMapping:315 - Mapped URL path [/login/add] onto handler 'loginController'
18:31:33,836  INFO DefaultAnnotationHandlerMapping:315 - Mapped URL path [/login/add.*] onto handler 'loginController'
18:31:33,836  INFO DefaultAnnotationHandlerMapping:315 - Mapped URL path [/login/add/] onto handler 'loginController'
18:31:33,836  INFO DefaultAnnotationHandlerMapping:315 - Mapped URL path [/logout] onto handler 'logoutController'
18:31:33,836  INFO DefaultAnnotationHandlerMapping:315 - Mapped URL path [/logout.*] onto handler 'logoutController'
18:31:33,837  INFO DefaultAnnotationHandlerMapping:315 - Mapped URL path [/logout/] onto handler 'logoutController'
18:31:33,838  INFO DefaultAnnotationHandlerMapping:315 - Mapped URL path [/empresa/list] onto handler 'empresaController'
18:31:33,838  INFO DefaultAnnotationHandlerMapping:315 - Mapped URL path [/empresa/list.*] onto handler 'empresaController'
18:31:33,838  INFO DefaultAnnotationHandlerMapping:315 - Mapped URL path [/empresa/list/] onto handler 'empresaController'
18:31:33,954  INFO DispatcherServlet:498 - FrameworkServlet 'dispatcher': initialization completed in 1546 ms
18:31:45,487  WARN HqlSqlWalker:995 - [DEPRECATION] Encountered positional parameter near line 1, column 65.  Positional parameter are considered deprecated; use named parameters or JPA-style positional parameters instead.
18:31:45,531  INFO UsuarioService:25 - Intento de logueo con usuario incorrecto.
18:31:45,531  INFO UsuarioService:26 - Usuario: 
18:33:50,897  INFO XmlWebApplicationContext:873 - Closing WebApplicationContext for namespace 'dispatcher-servlet': startup date [Tue Apr 15 18:31:32 CEST 2014]; root of context hierarchy
18:35:53,626  INFO DispatcherServlet:479 - FrameworkServlet 'dispatcher': initialization started
18:35:53,659  INFO XmlWebApplicationContext:513 - Refreshing WebApplicationContext for namespace 'dispatcher-servlet': startup date [Tue Apr 15 18:35:53 CEST 2014]; root of context hierarchy
18:35:53,702  INFO XmlBeanDefinitionReader:316 - Loading XML bean definitions from ServletContext resource [/WEB-INF/dispatcher-servlet.xml]
18:35:54,052  INFO AutowiredAnnotationBeanPostProcessor:141 - JSR-330 'javax.inject.Inject' annotation found and supported for autowiring
18:35:54,191  INFO DriverManagerDataSource:133 - Loaded JDBC driver: com.mysql.jdbc.Driver
18:35:54,303  INFO Version:66 - HCANN000001: Hibernate Commons Annotations {4.0.4.Final}
18:35:54,311  INFO Version:54 - HHH000412: Hibernate Core {4.3.4.Final}
18:35:54,316  INFO Environment:239 - HHH000206: hibernate.properties not found
18:35:54,318  INFO Environment:346 - HHH000021: Bytecode provider name : javassist
18:35:54,647  INFO Dialect:145 - HHH000400: Using dialect: org.hibernate.dialect.MySQLDialect
18:35:54,658  INFO LobCreatorBuilder:97 - HHH000423: Disabling contextual LOB creation as JDBC driver reported JDBC version [3] less than 4
18:35:54,819  INFO TransactionFactoryInitiator:62 - HHH000399: Using default transaction strategy (direct JDBC transactions)
18:35:54,824  INFO ASTQueryTranslatorFactory:47 - HHH000397: Using ASTQueryTranslatorFactory
18:35:54,870  INFO Version:27 - HV000001: Hibernate Validator 5.1.0.Final
18:35:55,584  INFO RequestMappingHandlerMapping:182 - Mapped "{[/login/new],methods=[GET],params=[],headers=[],consumes=[],produces=[],custom=[]}" onto public void innova4b.empresaReparto.login.web.LoginController.newLogin(org.springframework.ui.ModelMap)
18:35:55,585  INFO RequestMappingHandlerMapping:182 - Mapped "{[/login/add],methods=[POST],params=[],headers=[],consumes=[],produces=[],custom=[]}" onto public java.lang.String innova4b.empresaReparto.login.web.LoginController.addLogin(javax.servlet.http.HttpSession,innova4b.empresaReparto.login.domain.Usuario,org.springframework.validation.BindingResult)
18:35:55,587  INFO RequestMappingHandlerMapping:182 - Mapped "{[/logout],methods=[GET],params=[],headers=[],consumes=[],produces=[],custom=[]}" onto public java.lang.String innova4b.empresaReparto.login.web.LogoutController.logout(javax.servlet.http.HttpSession)
18:35:55,589  INFO RequestMappingHandlerMapping:182 - Mapped "{[/empresa/list],methods=[GET],params=[],headers=[],consumes=[],produces=[],custom=[]}" onto public void innova4b.empresaReparto.empresa.web.EmpresaController.list(org.springframework.ui.ModelMap)
18:35:56,090  INFO HibernateTransactionManager:339 - Using DataSource [org.springframework.jdbc.datasource.DriverManagerDataSource@6db6038e] of Hibernate SessionFactory for HibernateTransactionManager
18:35:56,123  INFO DispatcherServlet:498 - FrameworkServlet 'dispatcher': initialization completed in 2492 ms
18:37:17,948  WARN HqlSqlWalker:995 - [DEPRECATION] Encountered positional parameter near line 1, column 65.  Positional parameter are considered deprecated; use named parameters or JPA-style positional parameters instead.
18:37:18,021  INFO UsuarioService:25 - Intento de logueo con usuario incorrecto.
18:37:18,021  INFO UsuarioService:26 - Usuario: 
18:39:18,665  INFO XmlWebApplicationContext:873 - Closing WebApplicationContext for namespace 'dispatcher-servlet': startup date [Tue Apr 15 18:35:53 CEST 2014]; root of context hierarchy
18:39:21,470  INFO DispatcherServlet:479 - FrameworkServlet 'dispatcher': initialization started
18:39:21,489  INFO XmlWebApplicationContext:513 - Refreshing WebApplicationContext for namespace 'dispatcher-servlet': startup date [Tue Apr 15 18:39:21 CEST 2014]; root of context hierarchy
18:39:21,530  INFO XmlBeanDefinitionReader:316 - Loading XML bean definitions from ServletContext resource [/WEB-INF/dispatcher-servlet.xml]
18:39:21,882  INFO AutowiredAnnotationBeanPostProcessor:141 - JSR-330 'javax.inject.Inject' annotation found and supported for autowiring
18:39:22,081  INFO DriverManagerDataSource:133 - Loaded JDBC driver: com.mysql.jdbc.Driver
18:39:22,243  INFO Version:66 - HCANN000001: Hibernate Commons Annotations {4.0.4.Final}
18:39:22,259  INFO Version:54 - HHH000412: Hibernate Core {4.3.4.Final}
18:39:22,262  INFO Environment:239 - HHH000206: hibernate.properties not found
18:39:22,264  INFO Environment:346 - HHH000021: Bytecode provider name : javassist
18:39:22,683  INFO Dialect:145 - HHH000400: Using dialect: org.hibernate.dialect.MySQLDialect
18:39:22,708  INFO LobCreatorBuilder:97 - HHH000423: Disabling contextual LOB creation as JDBC driver reported JDBC version [3] less than 4
18:39:22,955  INFO TransactionFactoryInitiator:62 - HHH000399: Using default transaction strategy (direct JDBC transactions)
18:39:22,960  INFO ASTQueryTranslatorFactory:47 - HHH000397: Using ASTQueryTranslatorFactory
18:39:23,041  INFO Version:27 - HV000001: Hibernate Validator 5.1.0.Final
18:39:23,634  INFO RequestMappingHandlerMapping:182 - Mapped "{[/login/new],methods=[GET],params=[],headers=[],consumes=[],produces=[],custom=[]}" onto public void innova4b.empresaReparto.login.web.LoginController.newLogin(org.springframework.ui.ModelMap)
18:39:23,634  INFO RequestMappingHandlerMapping:182 - Mapped "{[/login/add],methods=[POST],params=[],headers=[],consumes=[],produces=[],custom=[]}" onto public java.lang.String innova4b.empresaReparto.login.web.LoginController.addLogin(javax.servlet.http.HttpSession,innova4b.empresaReparto.login.domain.Usuario,org.springframework.validation.BindingResult)
18:39:23,635  INFO RequestMappingHandlerMapping:182 - Mapped "{[/logout],methods=[GET],params=[],headers=[],consumes=[],produces=[],custom=[]}" onto public java.lang.String innova4b.empresaReparto.login.web.LogoutController.logout(javax.servlet.http.HttpSession)
18:39:23,637  INFO RequestMappingHandlerMapping:182 - Mapped "{[/empresa/list],methods=[GET],params=[],headers=[],consumes=[],produces=[],custom=[]}" onto public void innova4b.empresaReparto.empresa.web.EmpresaController.list(org.springframework.ui.ModelMap)
18:39:24,057  INFO HibernateTransactionManager:339 - Using DataSource [org.springframework.jdbc.datasource.DriverManagerDataSource@f26180f] of Hibernate SessionFactory for HibernateTransactionManager
18:39:24,096  INFO DispatcherServlet:498 - FrameworkServlet 'dispatcher': initialization completed in 2621 ms
18:39:54,824  INFO DispatcherServlet:479 - FrameworkServlet 'dispatcher': initialization started
18:39:54,847  INFO XmlWebApplicationContext:513 - Refreshing WebApplicationContext for namespace 'dispatcher-servlet': startup date [Tue Apr 15 18:39:54 CEST 2014]; root of context hierarchy
18:39:54,881  INFO XmlBeanDefinitionReader:316 - Loading XML bean definitions from ServletContext resource [/WEB-INF/dispatcher-servlet.xml]
18:39:55,229  INFO AutowiredAnnotationBeanPostProcessor:141 - JSR-330 'javax.inject.Inject' annotation found and supported for autowiring
18:39:55,378  INFO DriverManagerDataSource:133 - Loaded JDBC driver: com.mysql.jdbc.Driver
18:39:55,513  INFO Version:66 - HCANN000001: Hibernate Commons Annotations {4.0.4.Final}
18:39:55,521  INFO Version:54 - HHH000412: Hibernate Core {4.3.4.Final}
18:39:55,525  INFO Environment:239 - HHH000206: hibernate.properties not found
18:39:55,527  INFO Environment:346 - HHH000021: Bytecode provider name : javassist
18:39:55,830  INFO Dialect:145 - HHH000400: Using dialect: org.hibernate.dialect.MySQLDialect
18:39:55,839  INFO LobCreatorBuilder:97 - HHH000423: Disabling contextual LOB creation as JDBC driver reported JDBC version [3] less than 4
18:39:55,975  INFO TransactionFactoryInitiator:62 - HHH000399: Using default transaction strategy (direct JDBC transactions)
18:39:55,981  INFO ASTQueryTranslatorFactory:47 - HHH000397: Using ASTQueryTranslatorFactory
18:39:56,043  INFO Version:27 - HV000001: Hibernate Validator 5.1.0.Final
18:39:56,620  INFO RequestMappingHandlerMapping:182 - Mapped "{[/login/new],methods=[GET],params=[],headers=[],consumes=[],produces=[],custom=[]}" onto public void innova4b.empresaReparto.login.web.LoginController.newLogin(org.springframework.ui.ModelMap)
18:39:56,620  INFO RequestMappingHandlerMapping:182 - Mapped "{[/login/add],methods=[POST],params=[],headers=[],consumes=[],produces=[],custom=[]}" onto public java.lang.String innova4b.empresaReparto.login.web.LoginController.addLogin(javax.servlet.http.HttpSession,innova4b.empresaReparto.login.domain.Usuario,org.springframework.validation.BindingResult)
18:39:56,622  INFO RequestMappingHandlerMapping:182 - Mapped "{[/logout],methods=[GET],params=[],headers=[],consumes=[],produces=[],custom=[]}" onto public java.lang.String innova4b.empresaReparto.login.web.LogoutController.logout(javax.servlet.http.HttpSession)
18:39:56,624  INFO RequestMappingHandlerMapping:182 - Mapped "{[/empresa/list],methods=[GET],params=[],headers=[],consumes=[],produces=[],custom=[]}" onto public void innova4b.empresaReparto.empresa.web.EmpresaController.list(org.springframework.ui.ModelMap)
18:39:57,186  INFO HibernateTransactionManager:339 - Using DataSource [org.springframework.jdbc.datasource.DriverManagerDataSource@741da498] of Hibernate SessionFactory for HibernateTransactionManager
18:39:57,222  INFO DispatcherServlet:498 - FrameworkServlet 'dispatcher': initialization completed in 2395 ms
18:41:58,964  INFO XmlWebApplicationContext:873 - Closing WebApplicationContext for namespace 'dispatcher-servlet': startup date [Tue Apr 15 18:39:54 CEST 2014]; root of context hierarchy
18:42:01,139  INFO DispatcherServlet:479 - FrameworkServlet 'dispatcher': initialization started
18:42:01,152  INFO XmlWebApplicationContext:513 - Refreshing WebApplicationContext for namespace 'dispatcher-servlet': startup date [Tue Apr 15 18:42:01 CEST 2014]; root of context hierarchy
18:42:01,175  INFO XmlBeanDefinitionReader:316 - Loading XML bean definitions from ServletContext resource [/WEB-INF/dispatcher-servlet.xml]
18:42:01,383  INFO AutowiredAnnotationBeanPostProcessor:141 - JSR-330 'javax.inject.Inject' annotation found and supported for autowiring
18:42:01,860  INFO DriverManagerDataSource:133 - Loaded JDBC driver: com.mysql.jdbc.Driver
18:42:01,947  INFO Version:66 - HCANN000001: Hibernate Commons Annotations {4.0.4.Final}
18:42:01,952  INFO Version:54 - HHH000412: Hibernate Core {4.3.4.Final}
18:42:01,954  INFO Environment:239 - HHH000206: hibernate.properties not found
18:42:01,956  INFO Environment:346 - HHH000021: Bytecode provider name : javassist
18:42:02,286  INFO Dialect:145 - HHH000400: Using dialect: org.hibernate.dialect.MySQLDialect
18:42:02,295  INFO LobCreatorBuilder:97 - HHH000423: Disabling contextual LOB creation as JDBC driver reported JDBC version [3] less than 4
18:42:02,402  INFO TransactionFactoryInitiator:62 - HHH000399: Using default transaction strategy (direct JDBC transactions)
18:42:02,406  INFO ASTQueryTranslatorFactory:47 - HHH000397: Using ASTQueryTranslatorFactory
18:42:02,445  INFO Version:27 - HV000001: Hibernate Validator 5.1.0.Final
18:42:02,912  INFO RequestMappingHandlerMapping:182 - Mapped "{[/login/new],methods=[GET],params=[],headers=[],consumes=[],produces=[],custom=[]}" onto public void innova4b.empresaReparto.login.web.LoginController.newLogin(org.springframework.ui.ModelMap)
18:42:02,912  INFO RequestMappingHandlerMapping:182 - Mapped "{[/login/add],methods=[POST],params=[],headers=[],consumes=[],produces=[],custom=[]}" onto public java.lang.String innova4b.empresaReparto.login.web.LoginController.addLogin(javax.servlet.http.HttpSession,innova4b.empresaReparto.login.domain.Usuario,org.springframework.validation.BindingResult)
18:42:02,913  INFO RequestMappingHandlerMapping:182 - Mapped "{[/logout],methods=[GET],params=[],headers=[],consumes=[],produces=[],custom=[]}" onto public java.lang.String innova4b.empresaReparto.login.web.LogoutController.logout(javax.servlet.http.HttpSession)
18:42:02,914  INFO RequestMappingHandlerMapping:182 - Mapped "{[/empresa/list],methods=[GET],params=[],headers=[],consumes=[],produces=[],custom=[]}" onto public void innova4b.empresaReparto.empresa.web.EmpresaController.list(org.springframework.ui.ModelMap)
18:42:03,216  INFO HibernateTransactionManager:339 - Using DataSource [org.springframework.jdbc.datasource.DriverManagerDataSource@500e6e2d] of Hibernate SessionFactory for HibernateTransactionManager
18:42:03,238  INFO DispatcherServlet:498 - FrameworkServlet 'dispatcher': initialization completed in 2097 ms
18:42:31,134  WARN PageNotFound:1118 - No mapping found for HTTP request with URI [/empresaReparto/empresaReparto/login/new.jsp] in DispatcherServlet with name 'dispatcher'
18:43:50,060  INFO XmlWebApplicationContext:873 - Closing WebApplicationContext for namespace 'dispatcher-servlet': startup date [Tue Apr 15 18:42:01 CEST 2014]; root of context hierarchy
18:43:51,251  INFO DispatcherServlet:479 - FrameworkServlet 'dispatcher': initialization started
18:43:51,264  INFO XmlWebApplicationContext:513 - Refreshing WebApplicationContext for namespace 'dispatcher-servlet': startup date [Tue Apr 15 18:43:51 CEST 2014]; root of context hierarchy
18:43:51,294  INFO XmlBeanDefinitionReader:316 - Loading XML bean definitions from ServletContext resource [/WEB-INF/dispatcher-servlet.xml]
18:43:51,519  INFO AutowiredAnnotationBeanPostProcessor:141 - JSR-330 'javax.inject.Inject' annotation found and supported for autowiring
18:43:51,613  INFO DriverManagerDataSource:133 - Loaded JDBC driver: com.mysql.jdbc.Driver
18:43:51,703  INFO Version:66 - HCANN000001: Hibernate Commons Annotations {4.0.4.Final}
18:43:51,708  INFO Version:54 - HHH000412: Hibernate Core {4.3.4.Final}
18:43:51,711  INFO Environment:239 - HHH000206: hibernate.properties not found
18:43:51,712  INFO Environment:346 - HHH000021: Bytecode provider name : javassist
18:43:52,254  INFO Dialect:145 - HHH000400: Using dialect: org.hibernate.dialect.MySQLDialect
18:43:52,266  INFO LobCreatorBuilder:97 - HHH000423: Disabling contextual LOB creation as JDBC driver reported JDBC version [3] less than 4
18:43:52,415  INFO TransactionFactoryInitiator:62 - HHH000399: Using default transaction strategy (direct JDBC transactions)
18:43:52,419  INFO ASTQueryTranslatorFactory:47 - HHH000397: Using ASTQueryTranslatorFactory
18:43:52,474  INFO Version:27 - HV000001: Hibernate Validator 5.1.0.Final
18:43:52,985  INFO RequestMappingHandlerMapping:182 - Mapped "{[/login/new],methods=[GET],params=[],headers=[],consumes=[],produces=[],custom=[]}" onto public void innova4b.empresaReparto.login.web.LoginController.newLogin(org.springframework.ui.ModelMap)
18:43:52,986  INFO RequestMappingHandlerMapping:182 - Mapped "{[/login/add],methods=[POST],params=[],headers=[],consumes=[],produces=[],custom=[]}" onto public java.lang.String innova4b.empresaReparto.login.web.LoginController.addLogin(javax.servlet.http.HttpSession,innova4b.empresaReparto.login.domain.Usuario,org.springframework.validation.BindingResult)
18:43:52,986  INFO RequestMappingHandlerMapping:182 - Mapped "{[/logout],methods=[GET],params=[],headers=[],consumes=[],produces=[],custom=[]}" onto public java.lang.String innova4b.empresaReparto.login.web.LogoutController.logout(javax.servlet.http.HttpSession)
18:43:52,988  INFO RequestMappingHandlerMapping:182 - Mapped "{[/empresa/list],methods=[GET],params=[],headers=[],consumes=[],produces=[],custom=[]}" onto public void innova4b.empresaReparto.empresa.web.EmpresaController.list(org.springframework.ui.ModelMap)
18:43:53,366  INFO HibernateTransactionManager:339 - Using DataSource [org.springframework.jdbc.datasource.DriverManagerDataSource@4529e005] of Hibernate SessionFactory for HibernateTransactionManager
18:43:53,419  INFO DispatcherServlet:498 - FrameworkServlet 'dispatcher': initialization completed in 2166 ms
18:44:18,956  INFO XmlWebApplicationContext:873 - Closing WebApplicationContext for namespace 'dispatcher-servlet': startup date [Tue Apr 15 18:43:51 CEST 2014]; root of context hierarchy
